2022-06-14T00:04:50+00:00 CRITICAL Uncaught wfWAFStorageFileException: Unable to open /var/www/marmore/wp-content/wflogs/attack-data.php for reading and writing. in /var/www/marmore/wp-content/plugins/wordfence/vendor/wordfence/wf-waf/src/lib/storage/file.php:1049
Stack trace:
#0 /var/www/marmore/wp-content/plugins/wordfence/vendor/wordfence/wf-waf/src/lib/storage/file.php(435): wfWAFAttackDataStorageFileEngine->open()
#1 /var/www/marmore/wp-content/plugins/wordfence/vendor/wordfence/wf-waf/src/lib/storage/file.php(610): wfWAFStorageFile->open()
#2 /var/www/marmore/wp-content/plugins/wordfence/vendor/wordfence/wf-waf/src/lib/storage/file.php(564): wfWAFStorageFile->fetchConfigData()
#3 /var/www/marmore/wp-content/plugins/wordfence/lib/rest-api/wfRESTConfigController.php(71): wfWAFStorageFile->getConfig()
#4 /var/www/marmore/wp-includes/rest-api/class-wp-rest-server.php(1140): wfRESTConfigController->getConfig()
#5 /var/www/marmore/wp-includes/rest-api/class-wp-rest-server.php(987): WP_REST_Server->respond_to_request()
#6 /var/www/marmore/wp-in in /var/www/marmore/wp-content/plugins/wordfence/vendor/wordfence/wf-waf/src/lib/storage/file.php on line 1049

2022-06-14T00:04:51+00:00 CRITICAL Uncaught wfWAFStorageFileException: Unable to open /var/www/marmore/wp-content/wflogs/attack-data.php for reading and writing. in /var/www/marmore/wp-content/plugins/wordfence/vendor/wordfence/wf-waf/src/lib/storage/file.php:1049
Stack trace:
#0 /var/www/marmore/wp-content/plugins/wordfence/vendor/wordfence/wf-waf/src/lib/storage/file.php(435): wfWAFAttackDataStorageFileEngine->open()
#1 /var/www/marmore/wp-content/plugins/wordfence/vendor/wordfence/wf-waf/src/lib/storage/file.php(610): wfWAFStorageFile->open()
#2 /var/www/marmore/wp-content/plugins/wordfence/vendor/wordfence/wf-waf/src/lib/storage/file.php(564): wfWAFStorageFile->fetchConfigData()
#3 /var/www/marmore/wp-content/plugins/wordfence/lib/rest-api/wfRESTConfigController.php(71): wfWAFStorageFile->getConfig()
#4 /var/www/marmore/wp-includes/rest-api/class-wp-rest-server.php(1140): wfRESTConfigController->getConfig()
#5 /var/www/marmore/wp-includes/rest-api/class-wp-rest-server.php(987): WP_REST_Server->respond_to_request()
#6 /var/www/marmore/wp-in in /var/www/marmore/wp-content/plugins/wordfence/vendor/wordfence/wf-waf/src/lib/storage/file.php on line 1049

2022-06-14T04:43:30+00:00 CRITICAL Uncaught wfWAFStorageFileException: Unable to open /var/www/marmore/wp-content/wflogs/attack-data.php for reading and writing. in /var/www/marmore/wp-content/plugins/wordfence/vendor/wordfence/wf-waf/src/lib/storage/file.php:1049
Stack trace:
#0 /var/www/marmore/wp-content/plugins/wordfence/vendor/wordfence/wf-waf/src/lib/storage/file.php(435): wfWAFAttackDataStorageFileEngine->open()
#1 /var/www/marmore/wp-content/plugins/wordfence/vendor/wordfence/wf-waf/src/lib/storage/file.php(610): wfWAFStorageFile->open()
#2 /var/www/marmore/wp-content/plugins/wordfence/vendor/wordfence/wf-waf/src/lib/storage/file.php(564): wfWAFStorageFile->fetchConfigData()
#3 /var/www/marmore/wp-content/plugins/wordfence/lib/rest-api/wfRESTConfigController.php(71): wfWAFStorageFile->getConfig()
#4 /var/www/marmore/wp-includes/rest-api/class-wp-rest-server.php(1140): wfRESTConfigController->getConfig()
#5 /var/www/marmore/wp-includes/rest-api/class-wp-rest-server.php(987): WP_REST_Server->respond_to_request()
#6 /var/www/marmore/wp-in in /var/www/marmore/wp-content/plugins/wordfence/vendor/wordfence/wf-waf/src/lib/storage/file.php on line 1049

2022-06-14T04:43:31+00:00 CRITICAL Uncaught wfWAFStorageFileException: Unable to open /var/www/marmore/wp-content/wflogs/attack-data.php for reading and writing. in /var/www/marmore/wp-content/plugins/wordfence/vendor/wordfence/wf-waf/src/lib/storage/file.php:1049
Stack trace:
#0 /var/www/marmore/wp-content/plugins/wordfence/vendor/wordfence/wf-waf/src/lib/storage/file.php(435): wfWAFAttackDataStorageFileEngine->open()
#1 /var/www/marmore/wp-content/plugins/wordfence/vendor/wordfence/wf-waf/src/lib/storage/file.php(610): wfWAFStorageFile->open()
#2 /var/www/marmore/wp-content/plugins/wordfence/vendor/wordfence/wf-waf/src/lib/storage/file.php(564): wfWAFStorageFile->fetchConfigData()
#3 /var/www/marmore/wp-content/plugins/wordfence/lib/rest-api/wfRESTConfigController.php(71): wfWAFStorageFile->getConfig()
#4 /var/www/marmore/wp-includes/rest-api/class-wp-rest-server.php(1140): wfRESTConfigController->getConfig()
#5 /var/www/marmore/wp-includes/rest-api/class-wp-rest-server.php(987): WP_REST_Server->respond_to_request()
#6 /var/www/marmore/wp-in in /var/www/marmore/wp-content/plugins/wordfence/vendor/wordfence/wf-waf/src/lib/storage/file.php on line 1049

2022-06-14T12:05:23+00:00 CRITICAL Uncaught wfWAFStorageFileException: Unable to open /var/www/marmore/wp-content/wflogs/attack-data.php for reading and writing. in /var/www/marmore/wp-content/plugins/wordfence/vendor/wordfence/wf-waf/src/lib/storage/file.php:1049
Stack trace:
#0 /var/www/marmore/wp-content/plugins/wordfence/vendor/wordfence/wf-waf/src/lib/storage/file.php(435): wfWAFAttackDataStorageFileEngine->open()
#1 /var/www/marmore/wp-content/plugins/wordfence/vendor/wordfence/wf-waf/src/lib/storage/file.php(610): wfWAFStorageFile->open()
#2 /var/www/marmore/wp-content/plugins/wordfence/vendor/wordfence/wf-waf/src/lib/storage/file.php(564): wfWAFStorageFile->fetchConfigData()
#3 /var/www/marmore/wp-content/plugins/wordfence/lib/rest-api/wfRESTConfigController.php(71): wfWAFStorageFile->getConfig()
#4 /var/www/marmore/wp-includes/rest-api/class-wp-rest-server.php(1140): wfRESTConfigController->getConfig()
#5 /var/www/marmore/wp-includes/rest-api/class-wp-rest-server.php(987): WP_REST_Server->respond_to_request()
#6 /var/www/marmore/wp-in in /var/www/marmore/wp-content/plugins/wordfence/vendor/wordfence/wf-waf/src/lib/storage/file.php on line 1049

2022-06-14T12:05:24+00:00 CRITICAL Uncaught wfWAFStorageFileException: Unable to open /var/www/marmore/wp-content/wflogs/attack-data.php for reading and writing. in /var/www/marmore/wp-content/plugins/wordfence/vendor/wordfence/wf-waf/src/lib/storage/file.php:1049
Stack trace:
#0 /var/www/marmore/wp-content/plugins/wordfence/vendor/wordfence/wf-waf/src/lib/storage/file.php(435): wfWAFAttackDataStorageFileEngine->open()
#1 /var/www/marmore/wp-content/plugins/wordfence/vendor/wordfence/wf-waf/src/lib/storage/file.php(610): wfWAFStorageFile->open()
#2 /var/www/marmore/wp-content/plugins/wordfence/vendor/wordfence/wf-waf/src/lib/storage/file.php(564): wfWAFStorageFile->fetchConfigData()
#3 /var/www/marmore/wp-content/plugins/wordfence/lib/rest-api/wfRESTConfigController.php(71): wfWAFStorageFile->getConfig()
#4 /var/www/marmore/wp-includes/rest-api/class-wp-rest-server.php(1140): wfRESTConfigController->getConfig()
#5 /var/www/marmore/wp-includes/rest-api/class-wp-rest-server.php(987): WP_REST_Server->respond_to_request()
#6 /var/www/marmore/wp-in in /var/www/marmore/wp-content/plugins/wordfence/vendor/wordfence/wf-waf/src/lib/storage/file.php on line 1049

2022-06-14T13:16:18+00:00 CRITICAL Uncaught wfWAFStorageFileException: Unable to open /var/www/marmore/wp-content/wflogs/attack-data.php for reading and writing. in /var/www/marmore/wp-content/plugins/wordfence/vendor/wordfence/wf-waf/src/lib/storage/file.php:1049
Stack trace:
#0 /var/www/marmore/wp-content/plugins/wordfence/vendor/wordfence/wf-waf/src/lib/storage/file.php(435): wfWAFAttackDataStorageFileEngine->open()
#1 /var/www/marmore/wp-content/plugins/wordfence/vendor/wordfence/wf-waf/src/lib/storage/file.php(610): wfWAFStorageFile->open()
#2 /var/www/marmore/wp-content/plugins/wordfence/vendor/wordfence/wf-waf/src/lib/storage/file.php(564): wfWAFStorageFile->fetchConfigData()
#3 /var/www/marmore/wp-content/plugins/wordfence/lib/rest-api/wfRESTConfigController.php(71): wfWAFStorageFile->getConfig()
#4 /var/www/marmore/wp-includes/rest-api/class-wp-rest-server.php(1140): wfRESTConfigController->getConfig()
#5 /var/www/marmore/wp-includes/rest-api/class-wp-rest-server.php(987): WP_REST_Server->respond_to_request()
#6 /var/www/marmore/wp-in in /var/www/marmore/wp-content/plugins/wordfence/vendor/wordfence/wf-waf/src/lib/storage/file.php on line 1049

2022-06-14T13:16:20+00:00 CRITICAL Uncaught wfWAFStorageFileException: Unable to open /var/www/marmore/wp-content/wflogs/attack-data.php for reading and writing. in /var/www/marmore/wp-content/plugins/wordfence/vendor/wordfence/wf-waf/src/lib/storage/file.php:1049
Stack trace:
#0 /var/www/marmore/wp-content/plugins/wordfence/vendor/wordfence/wf-waf/src/lib/storage/file.php(435): wfWAFAttackDataStorageFileEngine->open()
#1 /var/www/marmore/wp-content/plugins/wordfence/vendor/wordfence/wf-waf/src/lib/storage/file.php(610): wfWAFStorageFile->open()
#2 /var/www/marmore/wp-content/plugins/wordfence/vendor/wordfence/wf-waf/src/lib/storage/file.php(564): wfWAFStorageFile->fetchConfigData()
#3 /var/www/marmore/wp-content/plugins/wordfence/lib/rest-api/wfRESTConfigController.php(71): wfWAFStorageFile->getConfig()
#4 /var/www/marmore/wp-includes/rest-api/class-wp-rest-server.php(1140): wfRESTConfigController->getConfig()
#5 /var/www/marmore/wp-includes/rest-api/class-wp-rest-server.php(987): WP_REST_Server->respond_to_request()
#6 /var/www/marmore/wp-in in /var/www/marmore/wp-content/plugins/wordfence/vendor/wordfence/wf-waf/src/lib/storage/file.php on line 1049

2022-06-14T15:30:12+00:00 CRITICAL Uncaught wfWAFStorageFileException: Unable to open /var/www/marmore/wp-content/wflogs/attack-data.php for reading and writing. in /var/www/marmore/wp-content/plugins/wordfence/vendor/wordfence/wf-waf/src/lib/storage/file.php:1049
Stack trace:
#0 /var/www/marmore/wp-content/plugins/wordfence/vendor/wordfence/wf-waf/src/lib/storage/file.php(435): wfWAFAttackDataStorageFileEngine->open()
#1 /var/www/marmore/wp-content/plugins/wordfence/vendor/wordfence/wf-waf/src/lib/storage/file.php(610): wfWAFStorageFile->open()
#2 /var/www/marmore/wp-content/plugins/wordfence/vendor/wordfence/wf-waf/src/lib/storage/file.php(564): wfWAFStorageFile->fetchConfigData()
#3 /var/www/marmore/wp-content/plugins/wordfence/lib/rest-api/wfRESTConfigController.php(71): wfWAFStorageFile->getConfig()
#4 /var/www/marmore/wp-includes/rest-api/class-wp-rest-server.php(1140): wfRESTConfigController->getConfig()
#5 /var/www/marmore/wp-includes/rest-api/class-wp-rest-server.php(987): WP_REST_Server->respond_to_request()
#6 /var/www/marmore/wp-in in /var/www/marmore/wp-content/plugins/wordfence/vendor/wordfence/wf-waf/src/lib/storage/file.php on line 1049

2022-06-14T15:30:14+00:00 CRITICAL Uncaught wfWAFStorageFileException: Unable to open /var/www/marmore/wp-content/wflogs/attack-data.php for reading and writing. in /var/www/marmore/wp-content/plugins/wordfence/vendor/wordfence/wf-waf/src/lib/storage/file.php:1049
Stack trace:
#0 /var/www/marmore/wp-content/plugins/wordfence/vendor/wordfence/wf-waf/src/lib/storage/file.php(435): wfWAFAttackDataStorageFileEngine->open()
#1 /var/www/marmore/wp-content/plugins/wordfence/vendor/wordfence/wf-waf/src/lib/storage/file.php(610): wfWAFStorageFile->open()
#2 /var/www/marmore/wp-content/plugins/wordfence/vendor/wordfence/wf-waf/src/lib/storage/file.php(564): wfWAFStorageFile->fetchConfigData()
#3 /var/www/marmore/wp-content/plugins/wordfence/lib/rest-api/wfRESTConfigController.php(71): wfWAFStorageFile->getConfig()
#4 /var/www/marmore/wp-includes/rest-api/class-wp-rest-server.php(1140): wfRESTConfigController->getConfig()
#5 /var/www/marmore/wp-includes/rest-api/class-wp-rest-server.php(987): WP_REST_Server->respond_to_request()
#6 /var/www/marmore/wp-in in /var/www/marmore/wp-content/plugins/wordfence/vendor/wordfence/wf-waf/src/lib/storage/file.php on line 1049

2022-06-14T20:16:18+00:00 CRITICAL Uncaught wfWAFStorageFileException: Unable to open /var/www/marmore/wp-content/wflogs/attack-data.php for reading and writing. in /var/www/marmore/wp-content/plugins/wordfence/vendor/wordfence/wf-waf/src/lib/storage/file.php:1049
Stack trace:
#0 /var/www/marmore/wp-content/plugins/wordfence/vendor/wordfence/wf-waf/src/lib/storage/file.php(435): wfWAFAttackDataStorageFileEngine->open()
#1 /var/www/marmore/wp-content/plugins/wordfence/vendor/wordfence/wf-waf/src/lib/storage/file.php(610): wfWAFStorageFile->open()
#2 /var/www/marmore/wp-content/plugins/wordfence/vendor/wordfence/wf-waf/src/lib/storage/file.php(564): wfWAFStorageFile->fetchConfigData()
#3 /var/www/marmore/wp-content/plugins/wordfence/lib/rest-api/wfRESTConfigController.php(71): wfWAFStorageFile->getConfig()
#4 /var/www/marmore/wp-includes/rest-api/class-wp-rest-server.php(1140): wfRESTConfigController->getConfig()
#5 /var/www/marmore/wp-includes/rest-api/class-wp-rest-server.php(987): WP_REST_Server->respond_to_request()
#6 /var/www/marmore/wp-in in /var/www/marmore/wp-content/plugins/wordfence/vendor/wordfence/wf-waf/src/lib/storage/file.php on line 1049

2022-06-14T20:16:19+00:00 CRITICAL Uncaught wfWAFStorageFileException: Unable to open /var/www/marmore/wp-content/wflogs/attack-data.php for reading and writing. in /var/www/marmore/wp-content/plugins/wordfence/vendor/wordfence/wf-waf/src/lib/storage/file.php:1049
Stack trace:
#0 /var/www/marmore/wp-content/plugins/wordfence/vendor/wordfence/wf-waf/src/lib/storage/file.php(435): wfWAFAttackDataStorageFileEngine->open()
#1 /var/www/marmore/wp-content/plugins/wordfence/vendor/wordfence/wf-waf/src/lib/storage/file.php(610): wfWAFStorageFile->open()
#2 /var/www/marmore/wp-content/plugins/wordfence/vendor/wordfence/wf-waf/src/lib/storage/file.php(564): wfWAFStorageFile->fetchConfigData()
#3 /var/www/marmore/wp-content/plugins/wordfence/lib/rest-api/wfRESTConfigController.php(71): wfWAFStorageFile->getConfig()
#4 /var/www/marmore/wp-includes/rest-api/class-wp-rest-server.php(1140): wfRESTConfigController->getConfig()
#5 /var/www/marmore/wp-includes/rest-api/class-wp-rest-server.php(987): WP_REST_Server->respond_to_request()
#6 /var/www/marmore/wp-in in /var/www/marmore/wp-content/plugins/wordfence/vendor/wordfence/wf-waf/src/lib/storage/file.php on line 1049

2022-06-14T21:39:12+00:00 CRITICAL Uncaught wfWAFStorageFileException: Unable to open /var/www/marmore/wp-content/wflogs/attack-data.php for reading and writing. in /var/www/marmore/wp-content/plugins/wordfence/vendor/wordfence/wf-waf/src/lib/storage/file.php:1049
Stack trace:
#0 /var/www/marmore/wp-content/plugins/wordfence/vendor/wordfence/wf-waf/src/lib/storage/file.php(435): wfWAFAttackDataStorageFileEngine->open()
#1 /var/www/marmore/wp-content/plugins/wordfence/vendor/wordfence/wf-waf/src/lib/storage/file.php(610): wfWAFStorageFile->open()
#2 /var/www/marmore/wp-content/plugins/wordfence/vendor/wordfence/wf-waf/src/lib/storage/file.php(564): wfWAFStorageFile->fetchConfigData()
#3 /var/www/marmore/wp-content/plugins/wordfence/lib/rest-api/wfRESTConfigController.php(71): wfWAFStorageFile->getConfig()
#4 /var/www/marmore/wp-includes/rest-api/class-wp-rest-server.php(1140): wfRESTConfigController->getConfig()
#5 /var/www/marmore/wp-includes/rest-api/class-wp-rest-server.php(987): WP_REST_Server->respond_to_request()
#6 /var/www/marmore/wp-in in /var/www/marmore/wp-content/plugins/wordfence/vendor/wordfence/wf-waf/src/lib/storage/file.php on line 1049

2022-06-14T21:39:13+00:00 CRITICAL Uncaught wfWAFStorageFileException: Unable to open /var/www/marmore/wp-content/wflogs/attack-data.php for reading and writing. in /var/www/marmore/wp-content/plugins/wordfence/vendor/wordfence/wf-waf/src/lib/storage/file.php:1049
Stack trace:
#0 /var/www/marmore/wp-content/plugins/wordfence/vendor/wordfence/wf-waf/src/lib/storage/file.php(435): wfWAFAttackDataStorageFileEngine->open()
#1 /var/www/marmore/wp-content/plugins/wordfence/vendor/wordfence/wf-waf/src/lib/storage/file.php(610): wfWAFStorageFile->open()
#2 /var/www/marmore/wp-content/plugins/wordfence/vendor/wordfence/wf-waf/src/lib/storage/file.php(564): wfWAFStorageFile->fetchConfigData()
#3 /var/www/marmore/wp-content/plugins/wordfence/lib/rest-api/wfRESTConfigController.php(71): wfWAFStorageFile->getConfig()
#4 /var/www/marmore/wp-includes/rest-api/class-wp-rest-server.php(1140): wfRESTConfigController->getConfig()
#5 /var/www/marmore/wp-includes/rest-api/class-wp-rest-server.php(987): WP_REST_Server->respond_to_request()
#6 /var/www/marmore/wp-in in /var/www/marmore/wp-content/plugins/wordfence/vendor/wordfence/wf-waf/src/lib/storage/file.php on line 1049

2022-06-14T22:12:18+00:00 CRITICAL Uncaught wfWAFStorageFileException: Unable to open /var/www/marmore/wp-content/wflogs/attack-data.php for reading and writing. in /var/www/marmore/wp-content/plugins/wordfence/vendor/wordfence/wf-waf/src/lib/storage/file.php:1049
Stack trace:
#0 /var/www/marmore/wp-content/plugins/wordfence/vendor/wordfence/wf-waf/src/lib/storage/file.php(435): wfWAFAttackDataStorageFileEngine->open()
#1 /var/www/marmore/wp-content/plugins/wordfence/vendor/wordfence/wf-waf/src/lib/storage/file.php(610): wfWAFStorageFile->open()
#2 /var/www/marmore/wp-content/plugins/wordfence/vendor/wordfence/wf-waf/src/lib/storage/file.php(564): wfWAFStorageFile->fetchConfigData()
#3 /var/www/marmore/wp-content/plugins/wordfence/lib/rest-api/wfRESTConfigController.php(71): wfWAFStorageFile->getConfig()
#4 /var/www/marmore/wp-includes/rest-api/class-wp-rest-server.php(1140): wfRESTConfigController->getConfig()
#5 /var/www/marmore/wp-includes/rest-api/class-wp-rest-server.php(987): WP_REST_Server->respond_to_request()
#6 /var/www/marmore/wp-in in /var/www/marmore/wp-content/plugins/wordfence/vendor/wordfence/wf-waf/src/lib/storage/file.php on line 1049

2022-06-14T22:12:19+00:00 CRITICAL Uncaught wfWAFStorageFileException: Unable to open /var/www/marmore/wp-content/wflogs/attack-data.php for reading and writing. in /var/www/marmore/wp-content/plugins/wordfence/vendor/wordfence/wf-waf/src/lib/storage/file.php:1049
Stack trace:
#0 /var/www/marmore/wp-content/plugins/wordfence/vendor/wordfence/wf-waf/src/lib/storage/file.php(435): wfWAFAttackDataStorageFileEngine->open()
#1 /var/www/marmore/wp-content/plugins/wordfence/vendor/wordfence/wf-waf/src/lib/storage/file.php(610): wfWAFStorageFile->open()
#2 /var/www/marmore/wp-content/plugins/wordfence/vendor/wordfence/wf-waf/src/lib/storage/file.php(564): wfWAFStorageFile->fetchConfigData()
#3 /var/www/marmore/wp-content/plugins/wordfence/lib/rest-api/wfRESTConfigController.php(71): wfWAFStorageFile->getConfig()
#4 /var/www/marmore/wp-includes/rest-api/class-wp-rest-server.php(1140): wfRESTConfigController->getConfig()
#5 /var/www/marmore/wp-includes/rest-api/class-wp-rest-server.php(987): WP_REST_Server->respond_to_request()
#6 /var/www/marmore/wp-in in /var/www/marmore/wp-content/plugins/wordfence/vendor/wordfence/wf-waf/src/lib/storage/file.php on line 1049

2022-06-14T23:19:24+00:00 CRITICAL Uncaught wfWAFStorageFileException: Unable to open /var/www/marmore/wp-content/wflogs/attack-data.php for reading and writing. in /var/www/marmore/wp-content/plugins/wordfence/vendor/wordfence/wf-waf/src/lib/storage/file.php:1049
Stack trace:
#0 /var/www/marmore/wp-content/plugins/wordfence/vendor/wordfence/wf-waf/src/lib/storage/file.php(435): wfWAFAttackDataStorageFileEngine->open()
#1 /var/www/marmore/wp-content/plugins/wordfence/vendor/wordfence/wf-waf/src/lib/storage/file.php(610): wfWAFStorageFile->open()
#2 /var/www/marmore/wp-content/plugins/wordfence/vendor/wordfence/wf-waf/src/lib/storage/file.php(564): wfWAFStorageFile->fetchConfigData()
#3 /var/www/marmore/wp-content/plugins/wordfence/lib/rest-api/wfRESTConfigController.php(71): wfWAFStorageFile->getConfig()
#4 /var/www/marmore/wp-includes/rest-api/class-wp-rest-server.php(1140): wfRESTConfigController->getConfig()
#5 /var/www/marmore/wp-includes/rest-api/class-wp-rest-server.php(987): WP_REST_Server->respond_to_request()
#6 /var/www/marmore/wp-in in /var/www/marmore/wp-content/plugins/wordfence/vendor/wordfence/wf-waf/src/lib/storage/file.php on line 1049

2022-06-14T23:19:25+00:00 CRITICAL Uncaught wfWAFStorageFileException: Unable to open /var/www/marmore/wp-content/wflogs/attack-data.php for reading and writing. in /var/www/marmore/wp-content/plugins/wordfence/vendor/wordfence/wf-waf/src/lib/storage/file.php:1049
Stack trace:
#0 /var/www/marmore/wp-content/plugins/wordfence/vendor/wordfence/wf-waf/src/lib/storage/file.php(435): wfWAFAttackDataStorageFileEngine->open()
#1 /var/www/marmore/wp-content/plugins/wordfence/vendor/wordfence/wf-waf/src/lib/storage/file.php(610): wfWAFStorageFile->open()
#2 /var/www/marmore/wp-content/plugins/wordfence/vendor/wordfence/wf-waf/src/lib/storage/file.php(564): wfWAFStorageFile->fetchConfigData()
#3 /var/www/marmore/wp-content/plugins/wordfence/lib/rest-api/wfRESTConfigController.php(71): wfWAFStorageFile->getConfig()
#4 /var/www/marmore/wp-includes/rest-api/class-wp-rest-server.php(1140): wfRESTConfigController->getConfig()
#5 /var/www/marmore/wp-includes/rest-api/class-wp-rest-server.php(987): WP_REST_Server->respond_to_request()
#6 /var/www/marmore/wp-in in /var/www/marmore/wp-content/plugins/wordfence/vendor/wordfence/wf-waf/src/lib/storage/file.php on line 1049

