2022-06-02T00:02:41+00:00 CRITICAL Uncaught wfWAFStorageFileException: Unable to open /var/www/marmore/wp-content/wflogs/attack-data.php for reading and writing. in /var/www/marmore/wp-content/plugins/wordfence/vendor/wordfence/wf-waf/src/lib/storage/file.php:1049
Stack trace:
#0 /var/www/marmore/wp-content/plugins/wordfence/vendor/wordfence/wf-waf/src/lib/storage/file.php(435): wfWAFAttackDataStorageFileEngine->open()
#1 /var/www/marmore/wp-content/plugins/wordfence/vendor/wordfence/wf-waf/src/lib/storage/file.php(610): wfWAFStorageFile->open()
#2 /var/www/marmore/wp-content/plugins/wordfence/vendor/wordfence/wf-waf/src/lib/storage/file.php(564): wfWAFStorageFile->fetchConfigData()
#3 /var/www/marmore/wp-content/plugins/wordfence/lib/rest-api/wfRESTConfigController.php(71): wfWAFStorageFile->getConfig()
#4 /var/www/marmore/wp-includes/rest-api/class-wp-rest-server.php(1140): wfRESTConfigController->getConfig()
#5 /var/www/marmore/wp-includes/rest-api/class-wp-rest-server.php(987): WP_REST_Server->respond_to_request()
#6 /var/www/marmore/wp-in in /var/www/marmore/wp-content/plugins/wordfence/vendor/wordfence/wf-waf/src/lib/storage/file.php on line 1049

2022-06-02T00:02:42+00:00 CRITICAL Uncaught wfWAFStorageFileException: Unable to open /var/www/marmore/wp-content/wflogs/attack-data.php for reading and writing. in /var/www/marmore/wp-content/plugins/wordfence/vendor/wordfence/wf-waf/src/lib/storage/file.php:1049
Stack trace:
#0 /var/www/marmore/wp-content/plugins/wordfence/vendor/wordfence/wf-waf/src/lib/storage/file.php(435): wfWAFAttackDataStorageFileEngine->open()
#1 /var/www/marmore/wp-content/plugins/wordfence/vendor/wordfence/wf-waf/src/lib/storage/file.php(610): wfWAFStorageFile->open()
#2 /var/www/marmore/wp-content/plugins/wordfence/vendor/wordfence/wf-waf/src/lib/storage/file.php(564): wfWAFStorageFile->fetchConfigData()
#3 /var/www/marmore/wp-content/plugins/wordfence/lib/rest-api/wfRESTConfigController.php(71): wfWAFStorageFile->getConfig()
#4 /var/www/marmore/wp-includes/rest-api/class-wp-rest-server.php(1140): wfRESTConfigController->getConfig()
#5 /var/www/marmore/wp-includes/rest-api/class-wp-rest-server.php(987): WP_REST_Server->respond_to_request()
#6 /var/www/marmore/wp-in in /var/www/marmore/wp-content/plugins/wordfence/vendor/wordfence/wf-waf/src/lib/storage/file.php on line 1049

2022-06-02T01:28:02+00:00 CRITICAL Uncaught wfWAFStorageFileException: Unable to open /var/www/marmore/wp-content/wflogs/attack-data.php for reading and writing. in /var/www/marmore/wp-content/plugins/wordfence/vendor/wordfence/wf-waf/src/lib/storage/file.php:1049
Stack trace:
#0 /var/www/marmore/wp-content/plugins/wordfence/vendor/wordfence/wf-waf/src/lib/storage/file.php(435): wfWAFAttackDataStorageFileEngine->open()
#1 /var/www/marmore/wp-content/plugins/wordfence/vendor/wordfence/wf-waf/src/lib/storage/file.php(610): wfWAFStorageFile->open()
#2 /var/www/marmore/wp-content/plugins/wordfence/vendor/wordfence/wf-waf/src/lib/storage/file.php(564): wfWAFStorageFile->fetchConfigData()
#3 /var/www/marmore/wp-content/plugins/wordfence/lib/rest-api/wfRESTConfigController.php(71): wfWAFStorageFile->getConfig()
#4 /var/www/marmore/wp-includes/rest-api/class-wp-rest-server.php(1140): wfRESTConfigController->getConfig()
#5 /var/www/marmore/wp-includes/rest-api/class-wp-rest-server.php(987): WP_REST_Server->respond_to_request()
#6 /var/www/marmore/wp-in in /var/www/marmore/wp-content/plugins/wordfence/vendor/wordfence/wf-waf/src/lib/storage/file.php on line 1049

2022-06-02T01:28:03+00:00 CRITICAL Uncaught wfWAFStorageFileException: Unable to open /var/www/marmore/wp-content/wflogs/attack-data.php for reading and writing. in /var/www/marmore/wp-content/plugins/wordfence/vendor/wordfence/wf-waf/src/lib/storage/file.php:1049
Stack trace:
#0 /var/www/marmore/wp-content/plugins/wordfence/vendor/wordfence/wf-waf/src/lib/storage/file.php(435): wfWAFAttackDataStorageFileEngine->open()
#1 /var/www/marmore/wp-content/plugins/wordfence/vendor/wordfence/wf-waf/src/lib/storage/file.php(610): wfWAFStorageFile->open()
#2 /var/www/marmore/wp-content/plugins/wordfence/vendor/wordfence/wf-waf/src/lib/storage/file.php(564): wfWAFStorageFile->fetchConfigData()
#3 /var/www/marmore/wp-content/plugins/wordfence/lib/rest-api/wfRESTConfigController.php(71): wfWAFStorageFile->getConfig()
#4 /var/www/marmore/wp-includes/rest-api/class-wp-rest-server.php(1140): wfRESTConfigController->getConfig()
#5 /var/www/marmore/wp-includes/rest-api/class-wp-rest-server.php(987): WP_REST_Server->respond_to_request()
#6 /var/www/marmore/wp-in in /var/www/marmore/wp-content/plugins/wordfence/vendor/wordfence/wf-waf/src/lib/storage/file.php on line 1049

2022-06-02T02:31:25+00:00 CRITICAL Uncaught wfWAFStorageFileException: Unable to open /var/www/marmore/wp-content/wflogs/attack-data.php for reading and writing. in /var/www/marmore/wp-content/plugins/wordfence/vendor/wordfence/wf-waf/src/lib/storage/file.php:1049
Stack trace:
#0 /var/www/marmore/wp-content/plugins/wordfence/vendor/wordfence/wf-waf/src/lib/storage/file.php(435): wfWAFAttackDataStorageFileEngine->open()
#1 /var/www/marmore/wp-content/plugins/wordfence/vendor/wordfence/wf-waf/src/lib/storage/file.php(610): wfWAFStorageFile->open()
#2 /var/www/marmore/wp-content/plugins/wordfence/vendor/wordfence/wf-waf/src/lib/storage/file.php(564): wfWAFStorageFile->fetchConfigData()
#3 /var/www/marmore/wp-content/plugins/wordfence/lib/rest-api/wfRESTConfigController.php(71): wfWAFStorageFile->getConfig()
#4 /var/www/marmore/wp-includes/rest-api/class-wp-rest-server.php(1140): wfRESTConfigController->getConfig()
#5 /var/www/marmore/wp-includes/rest-api/class-wp-rest-server.php(987): WP_REST_Server->respond_to_request()
#6 /var/www/marmore/wp-in in /var/www/marmore/wp-content/plugins/wordfence/vendor/wordfence/wf-waf/src/lib/storage/file.php on line 1049

2022-06-02T02:31:26+00:00 CRITICAL Uncaught wfWAFStorageFileException: Unable to open /var/www/marmore/wp-content/wflogs/attack-data.php for reading and writing. in /var/www/marmore/wp-content/plugins/wordfence/vendor/wordfence/wf-waf/src/lib/storage/file.php:1049
Stack trace:
#0 /var/www/marmore/wp-content/plugins/wordfence/vendor/wordfence/wf-waf/src/lib/storage/file.php(435): wfWAFAttackDataStorageFileEngine->open()
#1 /var/www/marmore/wp-content/plugins/wordfence/vendor/wordfence/wf-waf/src/lib/storage/file.php(610): wfWAFStorageFile->open()
#2 /var/www/marmore/wp-content/plugins/wordfence/vendor/wordfence/wf-waf/src/lib/storage/file.php(564): wfWAFStorageFile->fetchConfigData()
#3 /var/www/marmore/wp-content/plugins/wordfence/lib/rest-api/wfRESTConfigController.php(71): wfWAFStorageFile->getConfig()
#4 /var/www/marmore/wp-includes/rest-api/class-wp-rest-server.php(1140): wfRESTConfigController->getConfig()
#5 /var/www/marmore/wp-includes/rest-api/class-wp-rest-server.php(987): WP_REST_Server->respond_to_request()
#6 /var/www/marmore/wp-in in /var/www/marmore/wp-content/plugins/wordfence/vendor/wordfence/wf-waf/src/lib/storage/file.php on line 1049

2022-06-02T11:34:49+00:00 CRITICAL Uncaught wfWAFStorageFileException: Unable to open /var/www/marmore/wp-content/wflogs/attack-data.php for reading and writing. in /var/www/marmore/wp-content/plugins/wordfence/vendor/wordfence/wf-waf/src/lib/storage/file.php:1049
Stack trace:
#0 /var/www/marmore/wp-content/plugins/wordfence/vendor/wordfence/wf-waf/src/lib/storage/file.php(435): wfWAFAttackDataStorageFileEngine->open()
#1 /var/www/marmore/wp-content/plugins/wordfence/vendor/wordfence/wf-waf/src/lib/storage/file.php(610): wfWAFStorageFile->open()
#2 /var/www/marmore/wp-content/plugins/wordfence/vendor/wordfence/wf-waf/src/lib/storage/file.php(564): wfWAFStorageFile->fetchConfigData()
#3 /var/www/marmore/wp-content/plugins/wordfence/lib/rest-api/wfRESTConfigController.php(71): wfWAFStorageFile->getConfig()
#4 /var/www/marmore/wp-includes/rest-api/class-wp-rest-server.php(1140): wfRESTConfigController->getConfig()
#5 /var/www/marmore/wp-includes/rest-api/class-wp-rest-server.php(987): WP_REST_Server->respond_to_request()
#6 /var/www/marmore/wp-in in /var/www/marmore/wp-content/plugins/wordfence/vendor/wordfence/wf-waf/src/lib/storage/file.php on line 1049

2022-06-02T11:34:51+00:00 CRITICAL Uncaught wfWAFStorageFileException: Unable to open /var/www/marmore/wp-content/wflogs/attack-data.php for reading and writing. in /var/www/marmore/wp-content/plugins/wordfence/vendor/wordfence/wf-waf/src/lib/storage/file.php:1049
Stack trace:
#0 /var/www/marmore/wp-content/plugins/wordfence/vendor/wordfence/wf-waf/src/lib/storage/file.php(435): wfWAFAttackDataStorageFileEngine->open()
#1 /var/www/marmore/wp-content/plugins/wordfence/vendor/wordfence/wf-waf/src/lib/storage/file.php(610): wfWAFStorageFile->open()
#2 /var/www/marmore/wp-content/plugins/wordfence/vendor/wordfence/wf-waf/src/lib/storage/file.php(564): wfWAFStorageFile->fetchConfigData()
#3 /var/www/marmore/wp-content/plugins/wordfence/lib/rest-api/wfRESTConfigController.php(71): wfWAFStorageFile->getConfig()
#4 /var/www/marmore/wp-includes/rest-api/class-wp-rest-server.php(1140): wfRESTConfigController->getConfig()
#5 /var/www/marmore/wp-includes/rest-api/class-wp-rest-server.php(987): WP_REST_Server->respond_to_request()
#6 /var/www/marmore/wp-in in /var/www/marmore/wp-content/plugins/wordfence/vendor/wordfence/wf-waf/src/lib/storage/file.php on line 1049

2022-06-02T13:00:29+00:00 CRITICAL Uncaught wfWAFStorageFileException: Unable to open /var/www/marmore/wp-content/wflogs/attack-data.php for reading and writing. in /var/www/marmore/wp-content/plugins/wordfence/vendor/wordfence/wf-waf/src/lib/storage/file.php:1049
Stack trace:
#0 /var/www/marmore/wp-content/plugins/wordfence/vendor/wordfence/wf-waf/src/lib/storage/file.php(435): wfWAFAttackDataStorageFileEngine->open()
#1 /var/www/marmore/wp-content/plugins/wordfence/vendor/wordfence/wf-waf/src/lib/storage/file.php(610): wfWAFStorageFile->open()
#2 /var/www/marmore/wp-content/plugins/wordfence/vendor/wordfence/wf-waf/src/lib/storage/file.php(564): wfWAFStorageFile->fetchConfigData()
#3 /var/www/marmore/wp-content/plugins/wordfence/lib/rest-api/wfRESTConfigController.php(71): wfWAFStorageFile->getConfig()
#4 /var/www/marmore/wp-includes/rest-api/class-wp-rest-server.php(1140): wfRESTConfigController->getConfig()
#5 /var/www/marmore/wp-includes/rest-api/class-wp-rest-server.php(987): WP_REST_Server->respond_to_request()
#6 /var/www/marmore/wp-in in /var/www/marmore/wp-content/plugins/wordfence/vendor/wordfence/wf-waf/src/lib/storage/file.php on line 1049

2022-06-02T13:00:30+00:00 CRITICAL Uncaught wfWAFStorageFileException: Unable to open /var/www/marmore/wp-content/wflogs/attack-data.php for reading and writing. in /var/www/marmore/wp-content/plugins/wordfence/vendor/wordfence/wf-waf/src/lib/storage/file.php:1049
Stack trace:
#0 /var/www/marmore/wp-content/plugins/wordfence/vendor/wordfence/wf-waf/src/lib/storage/file.php(435): wfWAFAttackDataStorageFileEngine->open()
#1 /var/www/marmore/wp-content/plugins/wordfence/vendor/wordfence/wf-waf/src/lib/storage/file.php(610): wfWAFStorageFile->open()
#2 /var/www/marmore/wp-content/plugins/wordfence/vendor/wordfence/wf-waf/src/lib/storage/file.php(564): wfWAFStorageFile->fetchConfigData()
#3 /var/www/marmore/wp-content/plugins/wordfence/lib/rest-api/wfRESTConfigController.php(71): wfWAFStorageFile->getConfig()
#4 /var/www/marmore/wp-includes/rest-api/class-wp-rest-server.php(1140): wfRESTConfigController->getConfig()
#5 /var/www/marmore/wp-includes/rest-api/class-wp-rest-server.php(987): WP_REST_Server->respond_to_request()
#6 /var/www/marmore/wp-in in /var/www/marmore/wp-content/plugins/wordfence/vendor/wordfence/wf-waf/src/lib/storage/file.php on line 1049

2022-06-02T13:32:58+00:00 CRITICAL Uncaught wfWAFStorageFileException: Unable to open /var/www/marmore/wp-content/wflogs/attack-data.php for reading and writing. in /var/www/marmore/wp-content/plugins/wordfence/vendor/wordfence/wf-waf/src/lib/storage/file.php:1049
Stack trace:
#0 /var/www/marmore/wp-content/plugins/wordfence/vendor/wordfence/wf-waf/src/lib/storage/file.php(435): wfWAFAttackDataStorageFileEngine->open()
#1 /var/www/marmore/wp-content/plugins/wordfence/vendor/wordfence/wf-waf/src/lib/storage/file.php(610): wfWAFStorageFile->open()
#2 /var/www/marmore/wp-content/plugins/wordfence/vendor/wordfence/wf-waf/src/lib/storage/file.php(564): wfWAFStorageFile->fetchConfigData()
#3 /var/www/marmore/wp-content/plugins/wordfence/lib/rest-api/wfRESTConfigController.php(71): wfWAFStorageFile->getConfig()
#4 /var/www/marmore/wp-includes/rest-api/class-wp-rest-server.php(1140): wfRESTConfigController->getConfig()
#5 /var/www/marmore/wp-includes/rest-api/class-wp-rest-server.php(987): WP_REST_Server->respond_to_request()
#6 /var/www/marmore/wp-in in /var/www/marmore/wp-content/plugins/wordfence/vendor/wordfence/wf-waf/src/lib/storage/file.php on line 1049

2022-06-02T13:32:59+00:00 CRITICAL Uncaught wfWAFStorageFileException: Unable to open /var/www/marmore/wp-content/wflogs/attack-data.php for reading and writing. in /var/www/marmore/wp-content/plugins/wordfence/vendor/wordfence/wf-waf/src/lib/storage/file.php:1049
Stack trace:
#0 /var/www/marmore/wp-content/plugins/wordfence/vendor/wordfence/wf-waf/src/lib/storage/file.php(435): wfWAFAttackDataStorageFileEngine->open()
#1 /var/www/marmore/wp-content/plugins/wordfence/vendor/wordfence/wf-waf/src/lib/storage/file.php(610): wfWAFStorageFile->open()
#2 /var/www/marmore/wp-content/plugins/wordfence/vendor/wordfence/wf-waf/src/lib/storage/file.php(564): wfWAFStorageFile->fetchConfigData()
#3 /var/www/marmore/wp-content/plugins/wordfence/lib/rest-api/wfRESTConfigController.php(71): wfWAFStorageFile->getConfig()
#4 /var/www/marmore/wp-includes/rest-api/class-wp-rest-server.php(1140): wfRESTConfigController->getConfig()
#5 /var/www/marmore/wp-includes/rest-api/class-wp-rest-server.php(987): WP_REST_Server->respond_to_request()
#6 /var/www/marmore/wp-in in /var/www/marmore/wp-content/plugins/wordfence/vendor/wordfence/wf-waf/src/lib/storage/file.php on line 1049

2022-06-02T14:33:38+00:00 CRITICAL Uncaught wfWAFStorageFileException: Unable to open /var/www/marmore/wp-content/wflogs/attack-data.php for reading and writing. in /var/www/marmore/wp-content/plugins/wordfence/vendor/wordfence/wf-waf/src/lib/storage/file.php:1049
Stack trace:
#0 /var/www/marmore/wp-content/plugins/wordfence/vendor/wordfence/wf-waf/src/lib/storage/file.php(435): wfWAFAttackDataStorageFileEngine->open()
#1 /var/www/marmore/wp-content/plugins/wordfence/vendor/wordfence/wf-waf/src/lib/storage/file.php(610): wfWAFStorageFile->open()
#2 /var/www/marmore/wp-content/plugins/wordfence/vendor/wordfence/wf-waf/src/lib/storage/file.php(564): wfWAFStorageFile->fetchConfigData()
#3 /var/www/marmore/wp-content/plugins/wordfence/lib/rest-api/wfRESTConfigController.php(71): wfWAFStorageFile->getConfig()
#4 /var/www/marmore/wp-includes/rest-api/class-wp-rest-server.php(1140): wfRESTConfigController->getConfig()
#5 /var/www/marmore/wp-includes/rest-api/class-wp-rest-server.php(987): WP_REST_Server->respond_to_request()
#6 /var/www/marmore/wp-in in /var/www/marmore/wp-content/plugins/wordfence/vendor/wordfence/wf-waf/src/lib/storage/file.php on line 1049

2022-06-02T14:33:39+00:00 CRITICAL Uncaught wfWAFStorageFileException: Unable to open /var/www/marmore/wp-content/wflogs/attack-data.php for reading and writing. in /var/www/marmore/wp-content/plugins/wordfence/vendor/wordfence/wf-waf/src/lib/storage/file.php:1049
Stack trace:
#0 /var/www/marmore/wp-content/plugins/wordfence/vendor/wordfence/wf-waf/src/lib/storage/file.php(435): wfWAFAttackDataStorageFileEngine->open()
#1 /var/www/marmore/wp-content/plugins/wordfence/vendor/wordfence/wf-waf/src/lib/storage/file.php(610): wfWAFStorageFile->open()
#2 /var/www/marmore/wp-content/plugins/wordfence/vendor/wordfence/wf-waf/src/lib/storage/file.php(564): wfWAFStorageFile->fetchConfigData()
#3 /var/www/marmore/wp-content/plugins/wordfence/lib/rest-api/wfRESTConfigController.php(71): wfWAFStorageFile->getConfig()
#4 /var/www/marmore/wp-includes/rest-api/class-wp-rest-server.php(1140): wfRESTConfigController->getConfig()
#5 /var/www/marmore/wp-includes/rest-api/class-wp-rest-server.php(987): WP_REST_Server->respond_to_request()
#6 /var/www/marmore/wp-in in /var/www/marmore/wp-content/plugins/wordfence/vendor/wordfence/wf-waf/src/lib/storage/file.php on line 1049

2022-06-02T15:25:52+00:00 CRITICAL Uncaught wfWAFStorageFileException: Unable to open /var/www/marmore/wp-content/wflogs/attack-data.php for reading and writing. in /var/www/marmore/wp-content/plugins/wordfence/vendor/wordfence/wf-waf/src/lib/storage/file.php:1049
Stack trace:
#0 /var/www/marmore/wp-content/plugins/wordfence/vendor/wordfence/wf-waf/src/lib/storage/file.php(435): wfWAFAttackDataStorageFileEngine->open()
#1 /var/www/marmore/wp-content/plugins/wordfence/vendor/wordfence/wf-waf/src/lib/storage/file.php(610): wfWAFStorageFile->open()
#2 /var/www/marmore/wp-content/plugins/wordfence/vendor/wordfence/wf-waf/src/lib/storage/file.php(564): wfWAFStorageFile->fetchConfigData()
#3 /var/www/marmore/wp-content/plugins/wordfence/lib/rest-api/wfRESTConfigController.php(71): wfWAFStorageFile->getConfig()
#4 /var/www/marmore/wp-includes/rest-api/class-wp-rest-server.php(1140): wfRESTConfigController->getConfig()
#5 /var/www/marmore/wp-includes/rest-api/class-wp-rest-server.php(987): WP_REST_Server->respond_to_request()
#6 /var/www/marmore/wp-in in /var/www/marmore/wp-content/plugins/wordfence/vendor/wordfence/wf-waf/src/lib/storage/file.php on line 1049

2022-06-02T15:25:53+00:00 CRITICAL Uncaught wfWAFStorageFileException: Unable to open /var/www/marmore/wp-content/wflogs/attack-data.php for reading and writing. in /var/www/marmore/wp-content/plugins/wordfence/vendor/wordfence/wf-waf/src/lib/storage/file.php:1049
Stack trace:
#0 /var/www/marmore/wp-content/plugins/wordfence/vendor/wordfence/wf-waf/src/lib/storage/file.php(435): wfWAFAttackDataStorageFileEngine->open()
#1 /var/www/marmore/wp-content/plugins/wordfence/vendor/wordfence/wf-waf/src/lib/storage/file.php(610): wfWAFStorageFile->open()
#2 /var/www/marmore/wp-content/plugins/wordfence/vendor/wordfence/wf-waf/src/lib/storage/file.php(564): wfWAFStorageFile->fetchConfigData()
#3 /var/www/marmore/wp-content/plugins/wordfence/lib/rest-api/wfRESTConfigController.php(71): wfWAFStorageFile->getConfig()
#4 /var/www/marmore/wp-includes/rest-api/class-wp-rest-server.php(1140): wfRESTConfigController->getConfig()
#5 /var/www/marmore/wp-includes/rest-api/class-wp-rest-server.php(987): WP_REST_Server->respond_to_request()
#6 /var/www/marmore/wp-in in /var/www/marmore/wp-content/plugins/wordfence/vendor/wordfence/wf-waf/src/lib/storage/file.php on line 1049

2022-06-02T16:23:18+00:00 CRITICAL Uncaught wfWAFStorageFileException: Unable to open /var/www/marmore/wp-content/wflogs/attack-data.php for reading and writing. in /var/www/marmore/wp-content/plugins/wordfence/vendor/wordfence/wf-waf/src/lib/storage/file.php:1049
Stack trace:
#0 /var/www/marmore/wp-content/plugins/wordfence/vendor/wordfence/wf-waf/src/lib/storage/file.php(435): wfWAFAttackDataStorageFileEngine->open()
#1 /var/www/marmore/wp-content/plugins/wordfence/vendor/wordfence/wf-waf/src/lib/storage/file.php(610): wfWAFStorageFile->open()
#2 /var/www/marmore/wp-content/plugins/wordfence/vendor/wordfence/wf-waf/src/lib/storage/file.php(564): wfWAFStorageFile->fetchConfigData()
#3 /var/www/marmore/wp-content/plugins/wordfence/lib/rest-api/wfRESTConfigController.php(71): wfWAFStorageFile->getConfig()
#4 /var/www/marmore/wp-includes/rest-api/class-wp-rest-server.php(1140): wfRESTConfigController->getConfig()
#5 /var/www/marmore/wp-includes/rest-api/class-wp-rest-server.php(987): WP_REST_Server->respond_to_request()
#6 /var/www/marmore/wp-in in /var/www/marmore/wp-content/plugins/wordfence/vendor/wordfence/wf-waf/src/lib/storage/file.php on line 1049

2022-06-02T16:23:19+00:00 CRITICAL Uncaught wfWAFStorageFileException: Unable to open /var/www/marmore/wp-content/wflogs/attack-data.php for reading and writing. in /var/www/marmore/wp-content/plugins/wordfence/vendor/wordfence/wf-waf/src/lib/storage/file.php:1049
Stack trace:
#0 /var/www/marmore/wp-content/plugins/wordfence/vendor/wordfence/wf-waf/src/lib/storage/file.php(435): wfWAFAttackDataStorageFileEngine->open()
#1 /var/www/marmore/wp-content/plugins/wordfence/vendor/wordfence/wf-waf/src/lib/storage/file.php(610): wfWAFStorageFile->open()
#2 /var/www/marmore/wp-content/plugins/wordfence/vendor/wordfence/wf-waf/src/lib/storage/file.php(564): wfWAFStorageFile->fetchConfigData()
#3 /var/www/marmore/wp-content/plugins/wordfence/lib/rest-api/wfRESTConfigController.php(71): wfWAFStorageFile->getConfig()
#4 /var/www/marmore/wp-includes/rest-api/class-wp-rest-server.php(1140): wfRESTConfigController->getConfig()
#5 /var/www/marmore/wp-includes/rest-api/class-wp-rest-server.php(987): WP_REST_Server->respond_to_request()
#6 /var/www/marmore/wp-in in /var/www/marmore/wp-content/plugins/wordfence/vendor/wordfence/wf-waf/src/lib/storage/file.php on line 1049

2022-06-02T17:17:32+00:00 CRITICAL Uncaught wfWAFStorageFileException: Unable to open /var/www/marmore/wp-content/wflogs/attack-data.php for reading and writing. in /var/www/marmore/wp-content/plugins/wordfence/vendor/wordfence/wf-waf/src/lib/storage/file.php:1049
Stack trace:
#0 /var/www/marmore/wp-content/plugins/wordfence/vendor/wordfence/wf-waf/src/lib/storage/file.php(435): wfWAFAttackDataStorageFileEngine->open()
#1 /var/www/marmore/wp-content/plugins/wordfence/vendor/wordfence/wf-waf/src/lib/storage/file.php(610): wfWAFStorageFile->open()
#2 /var/www/marmore/wp-content/plugins/wordfence/vendor/wordfence/wf-waf/src/lib/storage/file.php(564): wfWAFStorageFile->fetchConfigData()
#3 /var/www/marmore/wp-content/plugins/wordfence/lib/rest-api/wfRESTConfigController.php(71): wfWAFStorageFile->getConfig()
#4 /var/www/marmore/wp-includes/rest-api/class-wp-rest-server.php(1140): wfRESTConfigController->getConfig()
#5 /var/www/marmore/wp-includes/rest-api/class-wp-rest-server.php(987): WP_REST_Server->respond_to_request()
#6 /var/www/marmore/wp-in in /var/www/marmore/wp-content/plugins/wordfence/vendor/wordfence/wf-waf/src/lib/storage/file.php on line 1049

2022-06-02T17:17:34+00:00 CRITICAL Uncaught wfWAFStorageFileException: Unable to open /var/www/marmore/wp-content/wflogs/attack-data.php for reading and writing. in /var/www/marmore/wp-content/plugins/wordfence/vendor/wordfence/wf-waf/src/lib/storage/file.php:1049
Stack trace:
#0 /var/www/marmore/wp-content/plugins/wordfence/vendor/wordfence/wf-waf/src/lib/storage/file.php(435): wfWAFAttackDataStorageFileEngine->open()
#1 /var/www/marmore/wp-content/plugins/wordfence/vendor/wordfence/wf-waf/src/lib/storage/file.php(610): wfWAFStorageFile->open()
#2 /var/www/marmore/wp-content/plugins/wordfence/vendor/wordfence/wf-waf/src/lib/storage/file.php(564): wfWAFStorageFile->fetchConfigData()
#3 /var/www/marmore/wp-content/plugins/wordfence/lib/rest-api/wfRESTConfigController.php(71): wfWAFStorageFile->getConfig()
#4 /var/www/marmore/wp-includes/rest-api/class-wp-rest-server.php(1140): wfRESTConfigController->getConfig()
#5 /var/www/marmore/wp-includes/rest-api/class-wp-rest-server.php(987): WP_REST_Server->respond_to_request()
#6 /var/www/marmore/wp-in in /var/www/marmore/wp-content/plugins/wordfence/vendor/wordfence/wf-waf/src/lib/storage/file.php on line 1049

2022-06-02T18:38:20+00:00 CRITICAL Uncaught wfWAFStorageFileException: Unable to open /var/www/marmore/wp-content/wflogs/attack-data.php for reading and writing. in /var/www/marmore/wp-content/plugins/wordfence/vendor/wordfence/wf-waf/src/lib/storage/file.php:1049
Stack trace:
#0 /var/www/marmore/wp-content/plugins/wordfence/vendor/wordfence/wf-waf/src/lib/storage/file.php(435): wfWAFAttackDataStorageFileEngine->open()
#1 /var/www/marmore/wp-content/plugins/wordfence/vendor/wordfence/wf-waf/src/lib/storage/file.php(610): wfWAFStorageFile->open()
#2 /var/www/marmore/wp-content/plugins/wordfence/vendor/wordfence/wf-waf/src/lib/storage/file.php(564): wfWAFStorageFile->fetchConfigData()
#3 /var/www/marmore/wp-content/plugins/wordfence/lib/rest-api/wfRESTConfigController.php(71): wfWAFStorageFile->getConfig()
#4 /var/www/marmore/wp-includes/rest-api/class-wp-rest-server.php(1140): wfRESTConfigController->getConfig()
#5 /var/www/marmore/wp-includes/rest-api/class-wp-rest-server.php(987): WP_REST_Server->respond_to_request()
#6 /var/www/marmore/wp-in in /var/www/marmore/wp-content/plugins/wordfence/vendor/wordfence/wf-waf/src/lib/storage/file.php on line 1049

2022-06-02T18:38:21+00:00 CRITICAL Uncaught wfWAFStorageFileException: Unable to open /var/www/marmore/wp-content/wflogs/attack-data.php for reading and writing. in /var/www/marmore/wp-content/plugins/wordfence/vendor/wordfence/wf-waf/src/lib/storage/file.php:1049
Stack trace:
#0 /var/www/marmore/wp-content/plugins/wordfence/vendor/wordfence/wf-waf/src/lib/storage/file.php(435): wfWAFAttackDataStorageFileEngine->open()
#1 /var/www/marmore/wp-content/plugins/wordfence/vendor/wordfence/wf-waf/src/lib/storage/file.php(610): wfWAFStorageFile->open()
#2 /var/www/marmore/wp-content/plugins/wordfence/vendor/wordfence/wf-waf/src/lib/storage/file.php(564): wfWAFStorageFile->fetchConfigData()
#3 /var/www/marmore/wp-content/plugins/wordfence/lib/rest-api/wfRESTConfigController.php(71): wfWAFStorageFile->getConfig()
#4 /var/www/marmore/wp-includes/rest-api/class-wp-rest-server.php(1140): wfRESTConfigController->getConfig()
#5 /var/www/marmore/wp-includes/rest-api/class-wp-rest-server.php(987): WP_REST_Server->respond_to_request()
#6 /var/www/marmore/wp-in in /var/www/marmore/wp-content/plugins/wordfence/vendor/wordfence/wf-waf/src/lib/storage/file.php on line 1049

2022-06-02T20:08:21+00:00 CRITICAL Uncaught wfWAFStorageFileException: Unable to open /var/www/marmore/wp-content/wflogs/attack-data.php for reading and writing. in /var/www/marmore/wp-content/plugins/wordfence/vendor/wordfence/wf-waf/src/lib/storage/file.php:1049
Stack trace:
#0 /var/www/marmore/wp-content/plugins/wordfence/vendor/wordfence/wf-waf/src/lib/storage/file.php(435): wfWAFAttackDataStorageFileEngine->open()
#1 /var/www/marmore/wp-content/plugins/wordfence/vendor/wordfence/wf-waf/src/lib/storage/file.php(610): wfWAFStorageFile->open()
#2 /var/www/marmore/wp-content/plugins/wordfence/vendor/wordfence/wf-waf/src/lib/storage/file.php(564): wfWAFStorageFile->fetchConfigData()
#3 /var/www/marmore/wp-content/plugins/wordfence/lib/rest-api/wfRESTConfigController.php(71): wfWAFStorageFile->getConfig()
#4 /var/www/marmore/wp-includes/rest-api/class-wp-rest-server.php(1140): wfRESTConfigController->getConfig()
#5 /var/www/marmore/wp-includes/rest-api/class-wp-rest-server.php(987): WP_REST_Server->respond_to_request()
#6 /var/www/marmore/wp-in in /var/www/marmore/wp-content/plugins/wordfence/vendor/wordfence/wf-waf/src/lib/storage/file.php on line 1049

2022-06-02T20:08:22+00:00 CRITICAL Uncaught wfWAFStorageFileException: Unable to open /var/www/marmore/wp-content/wflogs/attack-data.php for reading and writing. in /var/www/marmore/wp-content/plugins/wordfence/vendor/wordfence/wf-waf/src/lib/storage/file.php:1049
Stack trace:
#0 /var/www/marmore/wp-content/plugins/wordfence/vendor/wordfence/wf-waf/src/lib/storage/file.php(435): wfWAFAttackDataStorageFileEngine->open()
#1 /var/www/marmore/wp-content/plugins/wordfence/vendor/wordfence/wf-waf/src/lib/storage/file.php(610): wfWAFStorageFile->open()
#2 /var/www/marmore/wp-content/plugins/wordfence/vendor/wordfence/wf-waf/src/lib/storage/file.php(564): wfWAFStorageFile->fetchConfigData()
#3 /var/www/marmore/wp-content/plugins/wordfence/lib/rest-api/wfRESTConfigController.php(71): wfWAFStorageFile->getConfig()
#4 /var/www/marmore/wp-includes/rest-api/class-wp-rest-server.php(1140): wfRESTConfigController->getConfig()
#5 /var/www/marmore/wp-includes/rest-api/class-wp-rest-server.php(987): WP_REST_Server->respond_to_request()
#6 /var/www/marmore/wp-in in /var/www/marmore/wp-content/plugins/wordfence/vendor/wordfence/wf-waf/src/lib/storage/file.php on line 1049

2022-06-02T21:14:25+00:00 CRITICAL Uncaught wfWAFStorageFileException: Unable to open /var/www/marmore/wp-content/wflogs/attack-data.php for reading and writing. in /var/www/marmore/wp-content/plugins/wordfence/vendor/wordfence/wf-waf/src/lib/storage/file.php:1049
Stack trace:
#0 /var/www/marmore/wp-content/plugins/wordfence/vendor/wordfence/wf-waf/src/lib/storage/file.php(435): wfWAFAttackDataStorageFileEngine->open()
#1 /var/www/marmore/wp-content/plugins/wordfence/vendor/wordfence/wf-waf/src/lib/storage/file.php(610): wfWAFStorageFile->open()
#2 /var/www/marmore/wp-content/plugins/wordfence/vendor/wordfence/wf-waf/src/lib/storage/file.php(564): wfWAFStorageFile->fetchConfigData()
#3 /var/www/marmore/wp-content/plugins/wordfence/lib/rest-api/wfRESTConfigController.php(71): wfWAFStorageFile->getConfig()
#4 /var/www/marmore/wp-includes/rest-api/class-wp-rest-server.php(1140): wfRESTConfigController->getConfig()
#5 /var/www/marmore/wp-includes/rest-api/class-wp-rest-server.php(987): WP_REST_Server->respond_to_request()
#6 /var/www/marmore/wp-in in /var/www/marmore/wp-content/plugins/wordfence/vendor/wordfence/wf-waf/src/lib/storage/file.php on line 1049

2022-06-02T21:14:26+00:00 CRITICAL Uncaught wfWAFStorageFileException: Unable to open /var/www/marmore/wp-content/wflogs/attack-data.php for reading and writing. in /var/www/marmore/wp-content/plugins/wordfence/vendor/wordfence/wf-waf/src/lib/storage/file.php:1049
Stack trace:
#0 /var/www/marmore/wp-content/plugins/wordfence/vendor/wordfence/wf-waf/src/lib/storage/file.php(435): wfWAFAttackDataStorageFileEngine->open()
#1 /var/www/marmore/wp-content/plugins/wordfence/vendor/wordfence/wf-waf/src/lib/storage/file.php(610): wfWAFStorageFile->open()
#2 /var/www/marmore/wp-content/plugins/wordfence/vendor/wordfence/wf-waf/src/lib/storage/file.php(564): wfWAFStorageFile->fetchConfigData()
#3 /var/www/marmore/wp-content/plugins/wordfence/lib/rest-api/wfRESTConfigController.php(71): wfWAFStorageFile->getConfig()
#4 /var/www/marmore/wp-includes/rest-api/class-wp-rest-server.php(1140): wfRESTConfigController->getConfig()
#5 /var/www/marmore/wp-includes/rest-api/class-wp-rest-server.php(987): WP_REST_Server->respond_to_request()
#6 /var/www/marmore/wp-in in /var/www/marmore/wp-content/plugins/wordfence/vendor/wordfence/wf-waf/src/lib/storage/file.php on line 1049

2022-06-02T22:50:08+00:00 CRITICAL Uncaught wfWAFStorageFileException: Unable to open /var/www/marmore/wp-content/wflogs/attack-data.php for reading and writing. in /var/www/marmore/wp-content/plugins/wordfence/vendor/wordfence/wf-waf/src/lib/storage/file.php:1049
Stack trace:
#0 /var/www/marmore/wp-content/plugins/wordfence/vendor/wordfence/wf-waf/src/lib/storage/file.php(435): wfWAFAttackDataStorageFileEngine->open()
#1 /var/www/marmore/wp-content/plugins/wordfence/vendor/wordfence/wf-waf/src/lib/storage/file.php(610): wfWAFStorageFile->open()
#2 /var/www/marmore/wp-content/plugins/wordfence/vendor/wordfence/wf-waf/src/lib/storage/file.php(564): wfWAFStorageFile->fetchConfigData()
#3 /var/www/marmore/wp-content/plugins/wordfence/lib/rest-api/wfRESTConfigController.php(71): wfWAFStorageFile->getConfig()
#4 /var/www/marmore/wp-includes/rest-api/class-wp-rest-server.php(1140): wfRESTConfigController->getConfig()
#5 /var/www/marmore/wp-includes/rest-api/class-wp-rest-server.php(987): WP_REST_Server->respond_to_request()
#6 /var/www/marmore/wp-in in /var/www/marmore/wp-content/plugins/wordfence/vendor/wordfence/wf-waf/src/lib/storage/file.php on line 1049

2022-06-02T22:50:10+00:00 CRITICAL Uncaught wfWAFStorageFileException: Unable to open /var/www/marmore/wp-content/wflogs/attack-data.php for reading and writing. in /var/www/marmore/wp-content/plugins/wordfence/vendor/wordfence/wf-waf/src/lib/storage/file.php:1049
Stack trace:
#0 /var/www/marmore/wp-content/plugins/wordfence/vendor/wordfence/wf-waf/src/lib/storage/file.php(435): wfWAFAttackDataStorageFileEngine->open()
#1 /var/www/marmore/wp-content/plugins/wordfence/vendor/wordfence/wf-waf/src/lib/storage/file.php(610): wfWAFStorageFile->open()
#2 /var/www/marmore/wp-content/plugins/wordfence/vendor/wordfence/wf-waf/src/lib/storage/file.php(564): wfWAFStorageFile->fetchConfigData()
#3 /var/www/marmore/wp-content/plugins/wordfence/lib/rest-api/wfRESTConfigController.php(71): wfWAFStorageFile->getConfig()
#4 /var/www/marmore/wp-includes/rest-api/class-wp-rest-server.php(1140): wfRESTConfigController->getConfig()
#5 /var/www/marmore/wp-includes/rest-api/class-wp-rest-server.php(987): WP_REST_Server->respond_to_request()
#6 /var/www/marmore/wp-in in /var/www/marmore/wp-content/plugins/wordfence/vendor/wordfence/wf-waf/src/lib/storage/file.php on line 1049

