2022-06-27T11:37:13+00:00 CRITICAL Uncaught wfWAFStorageFileException: Unable to open /var/www/marmore/wp-content/wflogs/attack-data.php for reading and writing. in /var/www/marmore/wp-content/plugins/wordfence/vendor/wordfence/wf-waf/src/lib/storage/file.php:1049
Stack trace:
#0 /var/www/marmore/wp-content/plugins/wordfence/vendor/wordfence/wf-waf/src/lib/storage/file.php(435): wfWAFAttackDataStorageFileEngine->open()
#1 /var/www/marmore/wp-content/plugins/wordfence/vendor/wordfence/wf-waf/src/lib/storage/file.php(610): wfWAFStorageFile->open()
#2 /var/www/marmore/wp-content/plugins/wordfence/vendor/wordfence/wf-waf/src/lib/storage/file.php(564): wfWAFStorageFile->fetchConfigData()
#3 /var/www/marmore/wp-content/plugins/wordfence/lib/rest-api/wfRESTConfigController.php(71): wfWAFStorageFile->getConfig()
#4 /var/www/marmore/wp-includes/rest-api/class-wp-rest-server.php(1140): wfRESTConfigController->getConfig()
#5 /var/www/marmore/wp-includes/rest-api/class-wp-rest-server.php(987): WP_REST_Server->respond_to_request()
#6 /var/www/marmore/wp-in in /var/www/marmore/wp-content/plugins/wordfence/vendor/wordfence/wf-waf/src/lib/storage/file.php on line 1049

2022-06-27T11:37:15+00:00 CRITICAL Uncaught wfWAFStorageFileException: Unable to open /var/www/marmore/wp-content/wflogs/attack-data.php for reading and writing. in /var/www/marmore/wp-content/plugins/wordfence/vendor/wordfence/wf-waf/src/lib/storage/file.php:1049
Stack trace:
#0 /var/www/marmore/wp-content/plugins/wordfence/vendor/wordfence/wf-waf/src/lib/storage/file.php(435): wfWAFAttackDataStorageFileEngine->open()
#1 /var/www/marmore/wp-content/plugins/wordfence/vendor/wordfence/wf-waf/src/lib/storage/file.php(610): wfWAFStorageFile->open()
#2 /var/www/marmore/wp-content/plugins/wordfence/vendor/wordfence/wf-waf/src/lib/storage/file.php(564): wfWAFStorageFile->fetchConfigData()
#3 /var/www/marmore/wp-content/plugins/wordfence/lib/rest-api/wfRESTConfigController.php(71): wfWAFStorageFile->getConfig()
#4 /var/www/marmore/wp-includes/rest-api/class-wp-rest-server.php(1140): wfRESTConfigController->getConfig()
#5 /var/www/marmore/wp-includes/rest-api/class-wp-rest-server.php(987): WP_REST_Server->respond_to_request()
#6 /var/www/marmore/wp-in in /var/www/marmore/wp-content/plugins/wordfence/vendor/wordfence/wf-waf/src/lib/storage/file.php on line 1049

2022-06-27T13:28:27+00:00 CRITICAL Uncaught wfWAFStorageFileException: Unable to open /var/www/marmore/wp-content/wflogs/attack-data.php for reading and writing. in /var/www/marmore/wp-content/plugins/wordfence/vendor/wordfence/wf-waf/src/lib/storage/file.php:1049
Stack trace:
#0 /var/www/marmore/wp-content/plugins/wordfence/vendor/wordfence/wf-waf/src/lib/storage/file.php(435): wfWAFAttackDataStorageFileEngine->open()
#1 /var/www/marmore/wp-content/plugins/wordfence/vendor/wordfence/wf-waf/src/lib/storage/file.php(610): wfWAFStorageFile->open()
#2 /var/www/marmore/wp-content/plugins/wordfence/vendor/wordfence/wf-waf/src/lib/storage/file.php(564): wfWAFStorageFile->fetchConfigData()
#3 /var/www/marmore/wp-content/plugins/wordfence/lib/rest-api/wfRESTConfigController.php(71): wfWAFStorageFile->getConfig()
#4 /var/www/marmore/wp-includes/rest-api/class-wp-rest-server.php(1140): wfRESTConfigController->getConfig()
#5 /var/www/marmore/wp-includes/rest-api/class-wp-rest-server.php(987): WP_REST_Server->respond_to_request()
#6 /var/www/marmore/wp-in in /var/www/marmore/wp-content/plugins/wordfence/vendor/wordfence/wf-waf/src/lib/storage/file.php on line 1049

2022-06-27T13:28:29+00:00 CRITICAL Uncaught wfWAFStorageFileException: Unable to open /var/www/marmore/wp-content/wflogs/attack-data.php for reading and writing. in /var/www/marmore/wp-content/plugins/wordfence/vendor/wordfence/wf-waf/src/lib/storage/file.php:1049
Stack trace:
#0 /var/www/marmore/wp-content/plugins/wordfence/vendor/wordfence/wf-waf/src/lib/storage/file.php(435): wfWAFAttackDataStorageFileEngine->open()
#1 /var/www/marmore/wp-content/plugins/wordfence/vendor/wordfence/wf-waf/src/lib/storage/file.php(610): wfWAFStorageFile->open()
#2 /var/www/marmore/wp-content/plugins/wordfence/vendor/wordfence/wf-waf/src/lib/storage/file.php(564): wfWAFStorageFile->fetchConfigData()
#3 /var/www/marmore/wp-content/plugins/wordfence/lib/rest-api/wfRESTConfigController.php(71): wfWAFStorageFile->getConfig()
#4 /var/www/marmore/wp-includes/rest-api/class-wp-rest-server.php(1140): wfRESTConfigController->getConfig()
#5 /var/www/marmore/wp-includes/rest-api/class-wp-rest-server.php(987): WP_REST_Server->respond_to_request()
#6 /var/www/marmore/wp-in in /var/www/marmore/wp-content/plugins/wordfence/vendor/wordfence/wf-waf/src/lib/storage/file.php on line 1049

2022-06-27T14:30:49+00:00 CRITICAL Uncaught wfWAFStorageFileException: Unable to open /var/www/marmore/wp-content/wflogs/attack-data.php for reading and writing. in /var/www/marmore/wp-content/plugins/wordfence/vendor/wordfence/wf-waf/src/lib/storage/file.php:1049
Stack trace:
#0 /var/www/marmore/wp-content/plugins/wordfence/vendor/wordfence/wf-waf/src/lib/storage/file.php(435): wfWAFAttackDataStorageFileEngine->open()
#1 /var/www/marmore/wp-content/plugins/wordfence/vendor/wordfence/wf-waf/src/lib/storage/file.php(610): wfWAFStorageFile->open()
#2 /var/www/marmore/wp-content/plugins/wordfence/vendor/wordfence/wf-waf/src/lib/storage/file.php(564): wfWAFStorageFile->fetchConfigData()
#3 /var/www/marmore/wp-content/plugins/wordfence/lib/rest-api/wfRESTConfigController.php(71): wfWAFStorageFile->getConfig()
#4 /var/www/marmore/wp-includes/rest-api/class-wp-rest-server.php(1140): wfRESTConfigController->getConfig()
#5 /var/www/marmore/wp-includes/rest-api/class-wp-rest-server.php(987): WP_REST_Server->respond_to_request()
#6 /var/www/marmore/wp-in in /var/www/marmore/wp-content/plugins/wordfence/vendor/wordfence/wf-waf/src/lib/storage/file.php on line 1049

2022-06-27T14:30:50+00:00 CRITICAL Uncaught wfWAFStorageFileException: Unable to open /var/www/marmore/wp-content/wflogs/attack-data.php for reading and writing. in /var/www/marmore/wp-content/plugins/wordfence/vendor/wordfence/wf-waf/src/lib/storage/file.php:1049
Stack trace:
#0 /var/www/marmore/wp-content/plugins/wordfence/vendor/wordfence/wf-waf/src/lib/storage/file.php(435): wfWAFAttackDataStorageFileEngine->open()
#1 /var/www/marmore/wp-content/plugins/wordfence/vendor/wordfence/wf-waf/src/lib/storage/file.php(610): wfWAFStorageFile->open()
#2 /var/www/marmore/wp-content/plugins/wordfence/vendor/wordfence/wf-waf/src/lib/storage/file.php(564): wfWAFStorageFile->fetchConfigData()
#3 /var/www/marmore/wp-content/plugins/wordfence/lib/rest-api/wfRESTConfigController.php(71): wfWAFStorageFile->getConfig()
#4 /var/www/marmore/wp-includes/rest-api/class-wp-rest-server.php(1140): wfRESTConfigController->getConfig()
#5 /var/www/marmore/wp-includes/rest-api/class-wp-rest-server.php(987): WP_REST_Server->respond_to_request()
#6 /var/www/marmore/wp-in in /var/www/marmore/wp-content/plugins/wordfence/vendor/wordfence/wf-waf/src/lib/storage/file.php on line 1049

2022-06-27T15:23:22+00:00 CRITICAL Uncaught wfWAFStorageFileException: Unable to open /var/www/marmore/wp-content/wflogs/attack-data.php for reading and writing. in /var/www/marmore/wp-content/plugins/wordfence/vendor/wordfence/wf-waf/src/lib/storage/file.php:1049
Stack trace:
#0 /var/www/marmore/wp-content/plugins/wordfence/vendor/wordfence/wf-waf/src/lib/storage/file.php(435): wfWAFAttackDataStorageFileEngine->open()
#1 /var/www/marmore/wp-content/plugins/wordfence/vendor/wordfence/wf-waf/src/lib/storage/file.php(610): wfWAFStorageFile->open()
#2 /var/www/marmore/wp-content/plugins/wordfence/vendor/wordfence/wf-waf/src/lib/storage/file.php(564): wfWAFStorageFile->fetchConfigData()
#3 /var/www/marmore/wp-content/plugins/wordfence/lib/rest-api/wfRESTConfigController.php(71): wfWAFStorageFile->getConfig()
#4 /var/www/marmore/wp-includes/rest-api/class-wp-rest-server.php(1140): wfRESTConfigController->getConfig()
#5 /var/www/marmore/wp-includes/rest-api/class-wp-rest-server.php(987): WP_REST_Server->respond_to_request()
#6 /var/www/marmore/wp-in in /var/www/marmore/wp-content/plugins/wordfence/vendor/wordfence/wf-waf/src/lib/storage/file.php on line 1049

2022-06-27T15:23:23+00:00 CRITICAL Uncaught wfWAFStorageFileException: Unable to open /var/www/marmore/wp-content/wflogs/attack-data.php for reading and writing. in /var/www/marmore/wp-content/plugins/wordfence/vendor/wordfence/wf-waf/src/lib/storage/file.php:1049
Stack trace:
#0 /var/www/marmore/wp-content/plugins/wordfence/vendor/wordfence/wf-waf/src/lib/storage/file.php(435): wfWAFAttackDataStorageFileEngine->open()
#1 /var/www/marmore/wp-content/plugins/wordfence/vendor/wordfence/wf-waf/src/lib/storage/file.php(610): wfWAFStorageFile->open()
#2 /var/www/marmore/wp-content/plugins/wordfence/vendor/wordfence/wf-waf/src/lib/storage/file.php(564): wfWAFStorageFile->fetchConfigData()
#3 /var/www/marmore/wp-content/plugins/wordfence/lib/rest-api/wfRESTConfigController.php(71): wfWAFStorageFile->getConfig()
#4 /var/www/marmore/wp-includes/rest-api/class-wp-rest-server.php(1140): wfRESTConfigController->getConfig()
#5 /var/www/marmore/wp-includes/rest-api/class-wp-rest-server.php(987): WP_REST_Server->respond_to_request()
#6 /var/www/marmore/wp-in in /var/www/marmore/wp-content/plugins/wordfence/vendor/wordfence/wf-waf/src/lib/storage/file.php on line 1049

2022-06-27T16:04:17+00:00 CRITICAL Uncaught wfWAFStorageFileException: Unable to open /var/www/marmore/wp-content/wflogs/attack-data.php for reading and writing. in /var/www/marmore/wp-content/plugins/wordfence/vendor/wordfence/wf-waf/src/lib/storage/file.php:1049
Stack trace:
#0 /var/www/marmore/wp-content/plugins/wordfence/vendor/wordfence/wf-waf/src/lib/storage/file.php(435): wfWAFAttackDataStorageFileEngine->open()
#1 /var/www/marmore/wp-content/plugins/wordfence/vendor/wordfence/wf-waf/src/lib/storage/file.php(610): wfWAFStorageFile->open()
#2 /var/www/marmore/wp-content/plugins/wordfence/vendor/wordfence/wf-waf/src/lib/storage/file.php(564): wfWAFStorageFile->fetchConfigData()
#3 /var/www/marmore/wp-content/plugins/wordfence/lib/rest-api/wfRESTConfigController.php(71): wfWAFStorageFile->getConfig()
#4 /var/www/marmore/wp-includes/rest-api/class-wp-rest-server.php(1140): wfRESTConfigController->getConfig()
#5 /var/www/marmore/wp-includes/rest-api/class-wp-rest-server.php(987): WP_REST_Server->respond_to_request()
#6 /var/www/marmore/wp-in in /var/www/marmore/wp-content/plugins/wordfence/vendor/wordfence/wf-waf/src/lib/storage/file.php on line 1049

2022-06-27T16:04:19+00:00 CRITICAL Uncaught wfWAFStorageFileException: Unable to open /var/www/marmore/wp-content/wflogs/attack-data.php for reading and writing. in /var/www/marmore/wp-content/plugins/wordfence/vendor/wordfence/wf-waf/src/lib/storage/file.php:1049
Stack trace:
#0 /var/www/marmore/wp-content/plugins/wordfence/vendor/wordfence/wf-waf/src/lib/storage/file.php(435): wfWAFAttackDataStorageFileEngine->open()
#1 /var/www/marmore/wp-content/plugins/wordfence/vendor/wordfence/wf-waf/src/lib/storage/file.php(610): wfWAFStorageFile->open()
#2 /var/www/marmore/wp-content/plugins/wordfence/vendor/wordfence/wf-waf/src/lib/storage/file.php(564): wfWAFStorageFile->fetchConfigData()
#3 /var/www/marmore/wp-content/plugins/wordfence/lib/rest-api/wfRESTConfigController.php(71): wfWAFStorageFile->getConfig()
#4 /var/www/marmore/wp-includes/rest-api/class-wp-rest-server.php(1140): wfRESTConfigController->getConfig()
#5 /var/www/marmore/wp-includes/rest-api/class-wp-rest-server.php(987): WP_REST_Server->respond_to_request()
#6 /var/www/marmore/wp-in in /var/www/marmore/wp-content/plugins/wordfence/vendor/wordfence/wf-waf/src/lib/storage/file.php on line 1049

2022-06-27T17:06:20+00:00 CRITICAL Uncaught wfWAFStorageFileException: Unable to open /var/www/marmore/wp-content/wflogs/attack-data.php for reading and writing. in /var/www/marmore/wp-content/plugins/wordfence/vendor/wordfence/wf-waf/src/lib/storage/file.php:1049
Stack trace:
#0 /var/www/marmore/wp-content/plugins/wordfence/vendor/wordfence/wf-waf/src/lib/storage/file.php(435): wfWAFAttackDataStorageFileEngine->open()
#1 /var/www/marmore/wp-content/plugins/wordfence/vendor/wordfence/wf-waf/src/lib/storage/file.php(610): wfWAFStorageFile->open()
#2 /var/www/marmore/wp-content/plugins/wordfence/vendor/wordfence/wf-waf/src/lib/storage/file.php(564): wfWAFStorageFile->fetchConfigData()
#3 /var/www/marmore/wp-content/plugins/wordfence/lib/rest-api/wfRESTConfigController.php(71): wfWAFStorageFile->getConfig()
#4 /var/www/marmore/wp-includes/rest-api/class-wp-rest-server.php(1140): wfRESTConfigController->getConfig()
#5 /var/www/marmore/wp-includes/rest-api/class-wp-rest-server.php(987): WP_REST_Server->respond_to_request()
#6 /var/www/marmore/wp-in in /var/www/marmore/wp-content/plugins/wordfence/vendor/wordfence/wf-waf/src/lib/storage/file.php on line 1049

2022-06-27T17:06:21+00:00 CRITICAL Uncaught wfWAFStorageFileException: Unable to open /var/www/marmore/wp-content/wflogs/attack-data.php for reading and writing. in /var/www/marmore/wp-content/plugins/wordfence/vendor/wordfence/wf-waf/src/lib/storage/file.php:1049
Stack trace:
#0 /var/www/marmore/wp-content/plugins/wordfence/vendor/wordfence/wf-waf/src/lib/storage/file.php(435): wfWAFAttackDataStorageFileEngine->open()
#1 /var/www/marmore/wp-content/plugins/wordfence/vendor/wordfence/wf-waf/src/lib/storage/file.php(610): wfWAFStorageFile->open()
#2 /var/www/marmore/wp-content/plugins/wordfence/vendor/wordfence/wf-waf/src/lib/storage/file.php(564): wfWAFStorageFile->fetchConfigData()
#3 /var/www/marmore/wp-content/plugins/wordfence/lib/rest-api/wfRESTConfigController.php(71): wfWAFStorageFile->getConfig()
#4 /var/www/marmore/wp-includes/rest-api/class-wp-rest-server.php(1140): wfRESTConfigController->getConfig()
#5 /var/www/marmore/wp-includes/rest-api/class-wp-rest-server.php(987): WP_REST_Server->respond_to_request()
#6 /var/www/marmore/wp-in in /var/www/marmore/wp-content/plugins/wordfence/vendor/wordfence/wf-waf/src/lib/storage/file.php on line 1049

2022-06-27T18:35:54+00:00 CRITICAL Uncaught wfWAFStorageFileException: Unable to open /var/www/marmore/wp-content/wflogs/attack-data.php for reading and writing. in /var/www/marmore/wp-content/plugins/wordfence/vendor/wordfence/wf-waf/src/lib/storage/file.php:1049
Stack trace:
#0 /var/www/marmore/wp-content/plugins/wordfence/vendor/wordfence/wf-waf/src/lib/storage/file.php(435): wfWAFAttackDataStorageFileEngine->open()
#1 /var/www/marmore/wp-content/plugins/wordfence/vendor/wordfence/wf-waf/src/lib/storage/file.php(610): wfWAFStorageFile->open()
#2 /var/www/marmore/wp-content/plugins/wordfence/vendor/wordfence/wf-waf/src/lib/storage/file.php(564): wfWAFStorageFile->fetchConfigData()
#3 /var/www/marmore/wp-content/plugins/wordfence/lib/rest-api/wfRESTConfigController.php(71): wfWAFStorageFile->getConfig()
#4 /var/www/marmore/wp-includes/rest-api/class-wp-rest-server.php(1140): wfRESTConfigController->getConfig()
#5 /var/www/marmore/wp-includes/rest-api/class-wp-rest-server.php(987): WP_REST_Server->respond_to_request()
#6 /var/www/marmore/wp-in in /var/www/marmore/wp-content/plugins/wordfence/vendor/wordfence/wf-waf/src/lib/storage/file.php on line 1049

2022-06-27T18:35:55+00:00 CRITICAL Uncaught wfWAFStorageFileException: Unable to open /var/www/marmore/wp-content/wflogs/attack-data.php for reading and writing. in /var/www/marmore/wp-content/plugins/wordfence/vendor/wordfence/wf-waf/src/lib/storage/file.php:1049
Stack trace:
#0 /var/www/marmore/wp-content/plugins/wordfence/vendor/wordfence/wf-waf/src/lib/storage/file.php(435): wfWAFAttackDataStorageFileEngine->open()
#1 /var/www/marmore/wp-content/plugins/wordfence/vendor/wordfence/wf-waf/src/lib/storage/file.php(610): wfWAFStorageFile->open()
#2 /var/www/marmore/wp-content/plugins/wordfence/vendor/wordfence/wf-waf/src/lib/storage/file.php(564): wfWAFStorageFile->fetchConfigData()
#3 /var/www/marmore/wp-content/plugins/wordfence/lib/rest-api/wfRESTConfigController.php(71): wfWAFStorageFile->getConfig()
#4 /var/www/marmore/wp-includes/rest-api/class-wp-rest-server.php(1140): wfRESTConfigController->getConfig()
#5 /var/www/marmore/wp-includes/rest-api/class-wp-rest-server.php(987): WP_REST_Server->respond_to_request()
#6 /var/www/marmore/wp-in in /var/www/marmore/wp-content/plugins/wordfence/vendor/wordfence/wf-waf/src/lib/storage/file.php on line 1049

2022-06-27T19:07:32+00:00 CRITICAL Uncaught wfWAFStorageFileException: Unable to open /var/www/marmore/wp-content/wflogs/attack-data.php for reading and writing. in /var/www/marmore/wp-content/plugins/wordfence/vendor/wordfence/wf-waf/src/lib/storage/file.php:1049
Stack trace:
#0 /var/www/marmore/wp-content/plugins/wordfence/vendor/wordfence/wf-waf/src/lib/storage/file.php(435): wfWAFAttackDataStorageFileEngine->open()
#1 /var/www/marmore/wp-content/plugins/wordfence/vendor/wordfence/wf-waf/src/lib/storage/file.php(610): wfWAFStorageFile->open()
#2 /var/www/marmore/wp-content/plugins/wordfence/vendor/wordfence/wf-waf/src/lib/storage/file.php(564): wfWAFStorageFile->fetchConfigData()
#3 /var/www/marmore/wp-content/plugins/wordfence/lib/rest-api/wfRESTConfigController.php(71): wfWAFStorageFile->getConfig()
#4 /var/www/marmore/wp-includes/rest-api/class-wp-rest-server.php(1140): wfRESTConfigController->getConfig()
#5 /var/www/marmore/wp-includes/rest-api/class-wp-rest-server.php(987): WP_REST_Server->respond_to_request()
#6 /var/www/marmore/wp-in in /var/www/marmore/wp-content/plugins/wordfence/vendor/wordfence/wf-waf/src/lib/storage/file.php on line 1049

2022-06-27T19:07:33+00:00 CRITICAL Uncaught wfWAFStorageFileException: Unable to open /var/www/marmore/wp-content/wflogs/attack-data.php for reading and writing. in /var/www/marmore/wp-content/plugins/wordfence/vendor/wordfence/wf-waf/src/lib/storage/file.php:1049
Stack trace:
#0 /var/www/marmore/wp-content/plugins/wordfence/vendor/wordfence/wf-waf/src/lib/storage/file.php(435): wfWAFAttackDataStorageFileEngine->open()
#1 /var/www/marmore/wp-content/plugins/wordfence/vendor/wordfence/wf-waf/src/lib/storage/file.php(610): wfWAFStorageFile->open()
#2 /var/www/marmore/wp-content/plugins/wordfence/vendor/wordfence/wf-waf/src/lib/storage/file.php(564): wfWAFStorageFile->fetchConfigData()
#3 /var/www/marmore/wp-content/plugins/wordfence/lib/rest-api/wfRESTConfigController.php(71): wfWAFStorageFile->getConfig()
#4 /var/www/marmore/wp-includes/rest-api/class-wp-rest-server.php(1140): wfRESTConfigController->getConfig()
#5 /var/www/marmore/wp-includes/rest-api/class-wp-rest-server.php(987): WP_REST_Server->respond_to_request()
#6 /var/www/marmore/wp-in in /var/www/marmore/wp-content/plugins/wordfence/vendor/wordfence/wf-waf/src/lib/storage/file.php on line 1049

2022-06-27T20:21:46+00:00 CRITICAL Uncaught wfWAFStorageFileException: Unable to open /var/www/marmore/wp-content/wflogs/attack-data.php for reading and writing. in /var/www/marmore/wp-content/plugins/wordfence/vendor/wordfence/wf-waf/src/lib/storage/file.php:1049
Stack trace:
#0 /var/www/marmore/wp-content/plugins/wordfence/vendor/wordfence/wf-waf/src/lib/storage/file.php(435): wfWAFAttackDataStorageFileEngine->open()
#1 /var/www/marmore/wp-content/plugins/wordfence/vendor/wordfence/wf-waf/src/lib/storage/file.php(610): wfWAFStorageFile->open()
#2 /var/www/marmore/wp-content/plugins/wordfence/vendor/wordfence/wf-waf/src/lib/storage/file.php(564): wfWAFStorageFile->fetchConfigData()
#3 /var/www/marmore/wp-content/plugins/wordfence/lib/rest-api/wfRESTConfigController.php(71): wfWAFStorageFile->getConfig()
#4 /var/www/marmore/wp-includes/rest-api/class-wp-rest-server.php(1140): wfRESTConfigController->getConfig()
#5 /var/www/marmore/wp-includes/rest-api/class-wp-rest-server.php(987): WP_REST_Server->respond_to_request()
#6 /var/www/marmore/wp-in in /var/www/marmore/wp-content/plugins/wordfence/vendor/wordfence/wf-waf/src/lib/storage/file.php on line 1049

2022-06-27T20:21:47+00:00 CRITICAL Uncaught wfWAFStorageFileException: Unable to open /var/www/marmore/wp-content/wflogs/attack-data.php for reading and writing. in /var/www/marmore/wp-content/plugins/wordfence/vendor/wordfence/wf-waf/src/lib/storage/file.php:1049
Stack trace:
#0 /var/www/marmore/wp-content/plugins/wordfence/vendor/wordfence/wf-waf/src/lib/storage/file.php(435): wfWAFAttackDataStorageFileEngine->open()
#1 /var/www/marmore/wp-content/plugins/wordfence/vendor/wordfence/wf-waf/src/lib/storage/file.php(610): wfWAFStorageFile->open()
#2 /var/www/marmore/wp-content/plugins/wordfence/vendor/wordfence/wf-waf/src/lib/storage/file.php(564): wfWAFStorageFile->fetchConfigData()
#3 /var/www/marmore/wp-content/plugins/wordfence/lib/rest-api/wfRESTConfigController.php(71): wfWAFStorageFile->getConfig()
#4 /var/www/marmore/wp-includes/rest-api/class-wp-rest-server.php(1140): wfRESTConfigController->getConfig()
#5 /var/www/marmore/wp-includes/rest-api/class-wp-rest-server.php(987): WP_REST_Server->respond_to_request()
#6 /var/www/marmore/wp-in in /var/www/marmore/wp-content/plugins/wordfence/vendor/wordfence/wf-waf/src/lib/storage/file.php on line 1049

2022-06-27T23:30:48+00:00 CRITICAL Uncaught wfWAFStorageFileException: Unable to open /var/www/marmore/wp-content/wflogs/attack-data.php for reading and writing. in /var/www/marmore/wp-content/plugins/wordfence/vendor/wordfence/wf-waf/src/lib/storage/file.php:1049
Stack trace:
#0 /var/www/marmore/wp-content/plugins/wordfence/vendor/wordfence/wf-waf/src/lib/storage/file.php(435): wfWAFAttackDataStorageFileEngine->open()
#1 /var/www/marmore/wp-content/plugins/wordfence/vendor/wordfence/wf-waf/src/lib/storage/file.php(610): wfWAFStorageFile->open()
#2 /var/www/marmore/wp-content/plugins/wordfence/vendor/wordfence/wf-waf/src/lib/storage/file.php(564): wfWAFStorageFile->fetchConfigData()
#3 /var/www/marmore/wp-content/plugins/wordfence/lib/rest-api/wfRESTConfigController.php(71): wfWAFStorageFile->getConfig()
#4 /var/www/marmore/wp-includes/rest-api/class-wp-rest-server.php(1140): wfRESTConfigController->getConfig()
#5 /var/www/marmore/wp-includes/rest-api/class-wp-rest-server.php(987): WP_REST_Server->respond_to_request()
#6 /var/www/marmore/wp-in in /var/www/marmore/wp-content/plugins/wordfence/vendor/wordfence/wf-waf/src/lib/storage/file.php on line 1049

2022-06-27T23:30:50+00:00 CRITICAL Uncaught wfWAFStorageFileException: Unable to open /var/www/marmore/wp-content/wflogs/attack-data.php for reading and writing. in /var/www/marmore/wp-content/plugins/wordfence/vendor/wordfence/wf-waf/src/lib/storage/file.php:1049
Stack trace:
#0 /var/www/marmore/wp-content/plugins/wordfence/vendor/wordfence/wf-waf/src/lib/storage/file.php(435): wfWAFAttackDataStorageFileEngine->open()
#1 /var/www/marmore/wp-content/plugins/wordfence/vendor/wordfence/wf-waf/src/lib/storage/file.php(610): wfWAFStorageFile->open()
#2 /var/www/marmore/wp-content/plugins/wordfence/vendor/wordfence/wf-waf/src/lib/storage/file.php(564): wfWAFStorageFile->fetchConfigData()
#3 /var/www/marmore/wp-content/plugins/wordfence/lib/rest-api/wfRESTConfigController.php(71): wfWAFStorageFile->getConfig()
#4 /var/www/marmore/wp-includes/rest-api/class-wp-rest-server.php(1140): wfRESTConfigController->getConfig()
#5 /var/www/marmore/wp-includes/rest-api/class-wp-rest-server.php(987): WP_REST_Server->respond_to_request()
#6 /var/www/marmore/wp-in in /var/www/marmore/wp-content/plugins/wordfence/vendor/wordfence/wf-waf/src/lib/storage/file.php on line 1049

