2022-07-06T00:38:42+00:00 CRITICAL Uncaught wfWAFStorageFileException: Unable to open /var/www/marmore/wp-content/wflogs/attack-data.php for reading and writing. in /var/www/marmore/wp-content/plugins/wordfence/vendor/wordfence/wf-waf/src/lib/storage/file.php:1049
Stack trace:
#0 /var/www/marmore/wp-content/plugins/wordfence/vendor/wordfence/wf-waf/src/lib/storage/file.php(435): wfWAFAttackDataStorageFileEngine->open()
#1 /var/www/marmore/wp-content/plugins/wordfence/vendor/wordfence/wf-waf/src/lib/storage/file.php(610): wfWAFStorageFile->open()
#2 /var/www/marmore/wp-content/plugins/wordfence/vendor/wordfence/wf-waf/src/lib/storage/file.php(564): wfWAFStorageFile->fetchConfigData()
#3 /var/www/marmore/wp-content/plugins/wordfence/lib/rest-api/wfRESTConfigController.php(71): wfWAFStorageFile->getConfig()
#4 /var/www/marmore/wp-includes/rest-api/class-wp-rest-server.php(1140): wfRESTConfigController->getConfig()
#5 /var/www/marmore/wp-includes/rest-api/class-wp-rest-server.php(987): WP_REST_Server->respond_to_request()
#6 /var/www/marmore/wp-in in /var/www/marmore/wp-content/plugins/wordfence/vendor/wordfence/wf-waf/src/lib/storage/file.php on line 1049

2022-07-06T00:38:43+00:00 CRITICAL Uncaught wfWAFStorageFileException: Unable to open /var/www/marmore/wp-content/wflogs/attack-data.php for reading and writing. in /var/www/marmore/wp-content/plugins/wordfence/vendor/wordfence/wf-waf/src/lib/storage/file.php:1049
Stack trace:
#0 /var/www/marmore/wp-content/plugins/wordfence/vendor/wordfence/wf-waf/src/lib/storage/file.php(435): wfWAFAttackDataStorageFileEngine->open()
#1 /var/www/marmore/wp-content/plugins/wordfence/vendor/wordfence/wf-waf/src/lib/storage/file.php(610): wfWAFStorageFile->open()
#2 /var/www/marmore/wp-content/plugins/wordfence/vendor/wordfence/wf-waf/src/lib/storage/file.php(564): wfWAFStorageFile->fetchConfigData()
#3 /var/www/marmore/wp-content/plugins/wordfence/lib/rest-api/wfRESTConfigController.php(71): wfWAFStorageFile->getConfig()
#4 /var/www/marmore/wp-includes/rest-api/class-wp-rest-server.php(1140): wfRESTConfigController->getConfig()
#5 /var/www/marmore/wp-includes/rest-api/class-wp-rest-server.php(987): WP_REST_Server->respond_to_request()
#6 /var/www/marmore/wp-in in /var/www/marmore/wp-content/plugins/wordfence/vendor/wordfence/wf-waf/src/lib/storage/file.php on line 1049

2022-07-06T01:51:22+00:00 CRITICAL Uncaught wfWAFStorageFileException: Unable to open /var/www/marmore/wp-content/wflogs/attack-data.php for reading and writing. in /var/www/marmore/wp-content/plugins/wordfence/vendor/wordfence/wf-waf/src/lib/storage/file.php:1049
Stack trace:
#0 /var/www/marmore/wp-content/plugins/wordfence/vendor/wordfence/wf-waf/src/lib/storage/file.php(435): wfWAFAttackDataStorageFileEngine->open()
#1 /var/www/marmore/wp-content/plugins/wordfence/vendor/wordfence/wf-waf/src/lib/storage/file.php(610): wfWAFStorageFile->open()
#2 /var/www/marmore/wp-content/plugins/wordfence/vendor/wordfence/wf-waf/src/lib/storage/file.php(564): wfWAFStorageFile->fetchConfigData()
#3 /var/www/marmore/wp-content/plugins/wordfence/lib/rest-api/wfRESTConfigController.php(71): wfWAFStorageFile->getConfig()
#4 /var/www/marmore/wp-includes/rest-api/class-wp-rest-server.php(1140): wfRESTConfigController->getConfig()
#5 /var/www/marmore/wp-includes/rest-api/class-wp-rest-server.php(987): WP_REST_Server->respond_to_request()
#6 /var/www/marmore/wp-in in /var/www/marmore/wp-content/plugins/wordfence/vendor/wordfence/wf-waf/src/lib/storage/file.php on line 1049

2022-07-06T01:51:23+00:00 CRITICAL Uncaught wfWAFStorageFileException: Unable to open /var/www/marmore/wp-content/wflogs/attack-data.php for reading and writing. in /var/www/marmore/wp-content/plugins/wordfence/vendor/wordfence/wf-waf/src/lib/storage/file.php:1049
Stack trace:
#0 /var/www/marmore/wp-content/plugins/wordfence/vendor/wordfence/wf-waf/src/lib/storage/file.php(435): wfWAFAttackDataStorageFileEngine->open()
#1 /var/www/marmore/wp-content/plugins/wordfence/vendor/wordfence/wf-waf/src/lib/storage/file.php(610): wfWAFStorageFile->open()
#2 /var/www/marmore/wp-content/plugins/wordfence/vendor/wordfence/wf-waf/src/lib/storage/file.php(564): wfWAFStorageFile->fetchConfigData()
#3 /var/www/marmore/wp-content/plugins/wordfence/lib/rest-api/wfRESTConfigController.php(71): wfWAFStorageFile->getConfig()
#4 /var/www/marmore/wp-includes/rest-api/class-wp-rest-server.php(1140): wfRESTConfigController->getConfig()
#5 /var/www/marmore/wp-includes/rest-api/class-wp-rest-server.php(987): WP_REST_Server->respond_to_request()
#6 /var/www/marmore/wp-in in /var/www/marmore/wp-content/plugins/wordfence/vendor/wordfence/wf-waf/src/lib/storage/file.php on line 1049

2022-07-06T02:34:16+00:00 CRITICAL Uncaught wfWAFStorageFileException: Unable to open /var/www/marmore/wp-content/wflogs/attack-data.php for reading and writing. in /var/www/marmore/wp-content/plugins/wordfence/vendor/wordfence/wf-waf/src/lib/storage/file.php:1049
Stack trace:
#0 /var/www/marmore/wp-content/plugins/wordfence/vendor/wordfence/wf-waf/src/lib/storage/file.php(435): wfWAFAttackDataStorageFileEngine->open()
#1 /var/www/marmore/wp-content/plugins/wordfence/vendor/wordfence/wf-waf/src/lib/storage/file.php(610): wfWAFStorageFile->open()
#2 /var/www/marmore/wp-content/plugins/wordfence/vendor/wordfence/wf-waf/src/lib/storage/file.php(564): wfWAFStorageFile->fetchConfigData()
#3 /var/www/marmore/wp-content/plugins/wordfence/lib/rest-api/wfRESTConfigController.php(71): wfWAFStorageFile->getConfig()
#4 /var/www/marmore/wp-includes/rest-api/class-wp-rest-server.php(1140): wfRESTConfigController->getConfig()
#5 /var/www/marmore/wp-includes/rest-api/class-wp-rest-server.php(987): WP_REST_Server->respond_to_request()
#6 /var/www/marmore/wp-in in /var/www/marmore/wp-content/plugins/wordfence/vendor/wordfence/wf-waf/src/lib/storage/file.php on line 1049

2022-07-06T02:34:18+00:00 CRITICAL Uncaught wfWAFStorageFileException: Unable to open /var/www/marmore/wp-content/wflogs/attack-data.php for reading and writing. in /var/www/marmore/wp-content/plugins/wordfence/vendor/wordfence/wf-waf/src/lib/storage/file.php:1049
Stack trace:
#0 /var/www/marmore/wp-content/plugins/wordfence/vendor/wordfence/wf-waf/src/lib/storage/file.php(435): wfWAFAttackDataStorageFileEngine->open()
#1 /var/www/marmore/wp-content/plugins/wordfence/vendor/wordfence/wf-waf/src/lib/storage/file.php(610): wfWAFStorageFile->open()
#2 /var/www/marmore/wp-content/plugins/wordfence/vendor/wordfence/wf-waf/src/lib/storage/file.php(564): wfWAFStorageFile->fetchConfigData()
#3 /var/www/marmore/wp-content/plugins/wordfence/lib/rest-api/wfRESTConfigController.php(71): wfWAFStorageFile->getConfig()
#4 /var/www/marmore/wp-includes/rest-api/class-wp-rest-server.php(1140): wfRESTConfigController->getConfig()
#5 /var/www/marmore/wp-includes/rest-api/class-wp-rest-server.php(987): WP_REST_Server->respond_to_request()
#6 /var/www/marmore/wp-in in /var/www/marmore/wp-content/plugins/wordfence/vendor/wordfence/wf-waf/src/lib/storage/file.php on line 1049

2022-07-06T04:43:05+00:00 CRITICAL Uncaught wfWAFStorageFileException: Unable to open /var/www/marmore/wp-content/wflogs/attack-data.php for reading and writing. in /var/www/marmore/wp-content/plugins/wordfence/vendor/wordfence/wf-waf/src/lib/storage/file.php:1049
Stack trace:
#0 /var/www/marmore/wp-content/plugins/wordfence/vendor/wordfence/wf-waf/src/lib/storage/file.php(435): wfWAFAttackDataStorageFileEngine->open()
#1 /var/www/marmore/wp-content/plugins/wordfence/vendor/wordfence/wf-waf/src/lib/storage/file.php(610): wfWAFStorageFile->open()
#2 /var/www/marmore/wp-content/plugins/wordfence/vendor/wordfence/wf-waf/src/lib/storage/file.php(564): wfWAFStorageFile->fetchConfigData()
#3 /var/www/marmore/wp-content/plugins/wordfence/lib/rest-api/wfRESTConfigController.php(71): wfWAFStorageFile->getConfig()
#4 /var/www/marmore/wp-includes/rest-api/class-wp-rest-server.php(1140): wfRESTConfigController->getConfig()
#5 /var/www/marmore/wp-includes/rest-api/class-wp-rest-server.php(987): WP_REST_Server->respond_to_request()
#6 /var/www/marmore/wp-in in /var/www/marmore/wp-content/plugins/wordfence/vendor/wordfence/wf-waf/src/lib/storage/file.php on line 1049

2022-07-06T04:43:06+00:00 CRITICAL Uncaught wfWAFStorageFileException: Unable to open /var/www/marmore/wp-content/wflogs/attack-data.php for reading and writing. in /var/www/marmore/wp-content/plugins/wordfence/vendor/wordfence/wf-waf/src/lib/storage/file.php:1049
Stack trace:
#0 /var/www/marmore/wp-content/plugins/wordfence/vendor/wordfence/wf-waf/src/lib/storage/file.php(435): wfWAFAttackDataStorageFileEngine->open()
#1 /var/www/marmore/wp-content/plugins/wordfence/vendor/wordfence/wf-waf/src/lib/storage/file.php(610): wfWAFStorageFile->open()
#2 /var/www/marmore/wp-content/plugins/wordfence/vendor/wordfence/wf-waf/src/lib/storage/file.php(564): wfWAFStorageFile->fetchConfigData()
#3 /var/www/marmore/wp-content/plugins/wordfence/lib/rest-api/wfRESTConfigController.php(71): wfWAFStorageFile->getConfig()
#4 /var/www/marmore/wp-includes/rest-api/class-wp-rest-server.php(1140): wfRESTConfigController->getConfig()
#5 /var/www/marmore/wp-includes/rest-api/class-wp-rest-server.php(987): WP_REST_Server->respond_to_request()
#6 /var/www/marmore/wp-in in /var/www/marmore/wp-content/plugins/wordfence/vendor/wordfence/wf-waf/src/lib/storage/file.php on line 1049

2022-07-06T07:23:54+00:00 CRITICAL Uncaught RuntimeException: Unable to claim actions. Database error. in /var/www/marmore/wp-content/plugins/woocommerce/packages/action-scheduler/classes/data-stores/ActionScheduler_DBStore.php:683
Stack trace:
#0 /var/www/marmore/wp-content/plugins/woocommerce/packages/action-scheduler/classes/data-stores/ActionScheduler_DBStore.php(597): ActionScheduler_DBStore->claim_actions()
#1 /var/www/marmore/wp-content/plugins/woocommerce/packages/action-scheduler/classes/ActionScheduler_QueueRunner.php(153): ActionScheduler_DBStore->stake_claim()
#2 /var/www/marmore/wp-content/plugins/woocommerce/packages/action-scheduler/classes/ActionScheduler_QueueRunner.php(132): ActionScheduler_QueueRunner->do_batch()
#3 /var/www/marmore/wp-includes/class-wp-hook.php(303): ActionScheduler_QueueRunner->run()
#4 /var/www/marmore/wp-includes/class-wp-hook.php(327): WP_Hook->apply_filters()
#5 /var/www/marmore/wp-includes/plugin.php(518): WP_Hook->do_action()
#6 /var/www/marmore/wp-cron.php(138): do_action_ref_array()
#7 {main}
  thr in /var/www/marmore/wp-content/plugins/woocommerce/packages/action-scheduler/classes/data-stores/ActionScheduler_DBStore.php on line 683

2022-07-06T11:33:40+00:00 CRITICAL Uncaught wfWAFStorageFileException: Unable to open /var/www/marmore/wp-content/wflogs/attack-data.php for reading and writing. in /var/www/marmore/wp-content/plugins/wordfence/vendor/wordfence/wf-waf/src/lib/storage/file.php:1049
Stack trace:
#0 /var/www/marmore/wp-content/plugins/wordfence/vendor/wordfence/wf-waf/src/lib/storage/file.php(435): wfWAFAttackDataStorageFileEngine->open()
#1 /var/www/marmore/wp-content/plugins/wordfence/vendor/wordfence/wf-waf/src/lib/storage/file.php(610): wfWAFStorageFile->open()
#2 /var/www/marmore/wp-content/plugins/wordfence/vendor/wordfence/wf-waf/src/lib/storage/file.php(564): wfWAFStorageFile->fetchConfigData()
#3 /var/www/marmore/wp-content/plugins/wordfence/lib/rest-api/wfRESTConfigController.php(71): wfWAFStorageFile->getConfig()
#4 /var/www/marmore/wp-includes/rest-api/class-wp-rest-server.php(1140): wfRESTConfigController->getConfig()
#5 /var/www/marmore/wp-includes/rest-api/class-wp-rest-server.php(987): WP_REST_Server->respond_to_request()
#6 /var/www/marmore/wp-in in /var/www/marmore/wp-content/plugins/wordfence/vendor/wordfence/wf-waf/src/lib/storage/file.php on line 1049

2022-07-06T11:33:42+00:00 CRITICAL Uncaught wfWAFStorageFileException: Unable to open /var/www/marmore/wp-content/wflogs/attack-data.php for reading and writing. in /var/www/marmore/wp-content/plugins/wordfence/vendor/wordfence/wf-waf/src/lib/storage/file.php:1049
Stack trace:
#0 /var/www/marmore/wp-content/plugins/wordfence/vendor/wordfence/wf-waf/src/lib/storage/file.php(435): wfWAFAttackDataStorageFileEngine->open()
#1 /var/www/marmore/wp-content/plugins/wordfence/vendor/wordfence/wf-waf/src/lib/storage/file.php(610): wfWAFStorageFile->open()
#2 /var/www/marmore/wp-content/plugins/wordfence/vendor/wordfence/wf-waf/src/lib/storage/file.php(564): wfWAFStorageFile->fetchConfigData()
#3 /var/www/marmore/wp-content/plugins/wordfence/lib/rest-api/wfRESTConfigController.php(71): wfWAFStorageFile->getConfig()
#4 /var/www/marmore/wp-includes/rest-api/class-wp-rest-server.php(1140): wfRESTConfigController->getConfig()
#5 /var/www/marmore/wp-includes/rest-api/class-wp-rest-server.php(987): WP_REST_Server->respond_to_request()
#6 /var/www/marmore/wp-in in /var/www/marmore/wp-content/plugins/wordfence/vendor/wordfence/wf-waf/src/lib/storage/file.php on line 1049

2022-07-06T12:34:39+00:00 CRITICAL Uncaught wfWAFStorageFileException: Unable to open /var/www/marmore/wp-content/wflogs/attack-data.php for reading and writing. in /var/www/marmore/wp-content/plugins/wordfence/vendor/wordfence/wf-waf/src/lib/storage/file.php:1049
Stack trace:
#0 /var/www/marmore/wp-content/plugins/wordfence/vendor/wordfence/wf-waf/src/lib/storage/file.php(435): wfWAFAttackDataStorageFileEngine->open()
#1 /var/www/marmore/wp-content/plugins/wordfence/vendor/wordfence/wf-waf/src/lib/storage/file.php(610): wfWAFStorageFile->open()
#2 /var/www/marmore/wp-content/plugins/wordfence/vendor/wordfence/wf-waf/src/lib/storage/file.php(564): wfWAFStorageFile->fetchConfigData()
#3 /var/www/marmore/wp-content/plugins/wordfence/lib/rest-api/wfRESTConfigController.php(71): wfWAFStorageFile->getConfig()
#4 /var/www/marmore/wp-includes/rest-api/class-wp-rest-server.php(1140): wfRESTConfigController->getConfig()
#5 /var/www/marmore/wp-includes/rest-api/class-wp-rest-server.php(987): WP_REST_Server->respond_to_request()
#6 /var/www/marmore/wp-in in /var/www/marmore/wp-content/plugins/wordfence/vendor/wordfence/wf-waf/src/lib/storage/file.php on line 1049

2022-07-06T12:34:41+00:00 CRITICAL Uncaught wfWAFStorageFileException: Unable to open /var/www/marmore/wp-content/wflogs/attack-data.php for reading and writing. in /var/www/marmore/wp-content/plugins/wordfence/vendor/wordfence/wf-waf/src/lib/storage/file.php:1049
Stack trace:
#0 /var/www/marmore/wp-content/plugins/wordfence/vendor/wordfence/wf-waf/src/lib/storage/file.php(435): wfWAFAttackDataStorageFileEngine->open()
#1 /var/www/marmore/wp-content/plugins/wordfence/vendor/wordfence/wf-waf/src/lib/storage/file.php(610): wfWAFStorageFile->open()
#2 /var/www/marmore/wp-content/plugins/wordfence/vendor/wordfence/wf-waf/src/lib/storage/file.php(564): wfWAFStorageFile->fetchConfigData()
#3 /var/www/marmore/wp-content/plugins/wordfence/lib/rest-api/wfRESTConfigController.php(71): wfWAFStorageFile->getConfig()
#4 /var/www/marmore/wp-includes/rest-api/class-wp-rest-server.php(1140): wfRESTConfigController->getConfig()
#5 /var/www/marmore/wp-includes/rest-api/class-wp-rest-server.php(987): WP_REST_Server->respond_to_request()
#6 /var/www/marmore/wp-in in /var/www/marmore/wp-content/plugins/wordfence/vendor/wordfence/wf-waf/src/lib/storage/file.php on line 1049

2022-07-06T14:34:40+00:00 CRITICAL Uncaught wfWAFStorageFileException: Unable to open /var/www/marmore/wp-content/wflogs/attack-data.php for reading and writing. in /var/www/marmore/wp-content/plugins/wordfence/vendor/wordfence/wf-waf/src/lib/storage/file.php:1049
Stack trace:
#0 /var/www/marmore/wp-content/plugins/wordfence/vendor/wordfence/wf-waf/src/lib/storage/file.php(435): wfWAFAttackDataStorageFileEngine->open()
#1 /var/www/marmore/wp-content/plugins/wordfence/vendor/wordfence/wf-waf/src/lib/storage/file.php(610): wfWAFStorageFile->open()
#2 /var/www/marmore/wp-content/plugins/wordfence/vendor/wordfence/wf-waf/src/lib/storage/file.php(564): wfWAFStorageFile->fetchConfigData()
#3 /var/www/marmore/wp-content/plugins/wordfence/lib/rest-api/wfRESTConfigController.php(71): wfWAFStorageFile->getConfig()
#4 /var/www/marmore/wp-includes/rest-api/class-wp-rest-server.php(1140): wfRESTConfigController->getConfig()
#5 /var/www/marmore/wp-includes/rest-api/class-wp-rest-server.php(987): WP_REST_Server->respond_to_request()
#6 /var/www/marmore/wp-in in /var/www/marmore/wp-content/plugins/wordfence/vendor/wordfence/wf-waf/src/lib/storage/file.php on line 1049

2022-07-06T14:34:41+00:00 CRITICAL Uncaught wfWAFStorageFileException: Unable to open /var/www/marmore/wp-content/wflogs/attack-data.php for reading and writing. in /var/www/marmore/wp-content/plugins/wordfence/vendor/wordfence/wf-waf/src/lib/storage/file.php:1049
Stack trace:
#0 /var/www/marmore/wp-content/plugins/wordfence/vendor/wordfence/wf-waf/src/lib/storage/file.php(435): wfWAFAttackDataStorageFileEngine->open()
#1 /var/www/marmore/wp-content/plugins/wordfence/vendor/wordfence/wf-waf/src/lib/storage/file.php(610): wfWAFStorageFile->open()
#2 /var/www/marmore/wp-content/plugins/wordfence/vendor/wordfence/wf-waf/src/lib/storage/file.php(564): wfWAFStorageFile->fetchConfigData()
#3 /var/www/marmore/wp-content/plugins/wordfence/lib/rest-api/wfRESTConfigController.php(71): wfWAFStorageFile->getConfig()
#4 /var/www/marmore/wp-includes/rest-api/class-wp-rest-server.php(1140): wfRESTConfigController->getConfig()
#5 /var/www/marmore/wp-includes/rest-api/class-wp-rest-server.php(987): WP_REST_Server->respond_to_request()
#6 /var/www/marmore/wp-in in /var/www/marmore/wp-content/plugins/wordfence/vendor/wordfence/wf-waf/src/lib/storage/file.php on line 1049

2022-07-06T15:06:13+00:00 CRITICAL Uncaught wfWAFStorageFileException: Unable to open /var/www/marmore/wp-content/wflogs/attack-data.php for reading and writing. in /var/www/marmore/wp-content/plugins/wordfence/vendor/wordfence/wf-waf/src/lib/storage/file.php:1049
Stack trace:
#0 /var/www/marmore/wp-content/plugins/wordfence/vendor/wordfence/wf-waf/src/lib/storage/file.php(435): wfWAFAttackDataStorageFileEngine->open()
#1 /var/www/marmore/wp-content/plugins/wordfence/vendor/wordfence/wf-waf/src/lib/storage/file.php(610): wfWAFStorageFile->open()
#2 /var/www/marmore/wp-content/plugins/wordfence/vendor/wordfence/wf-waf/src/lib/storage/file.php(564): wfWAFStorageFile->fetchConfigData()
#3 /var/www/marmore/wp-content/plugins/wordfence/lib/rest-api/wfRESTConfigController.php(71): wfWAFStorageFile->getConfig()
#4 /var/www/marmore/wp-includes/rest-api/class-wp-rest-server.php(1140): wfRESTConfigController->getConfig()
#5 /var/www/marmore/wp-includes/rest-api/class-wp-rest-server.php(987): WP_REST_Server->respond_to_request()
#6 /var/www/marmore/wp-in in /var/www/marmore/wp-content/plugins/wordfence/vendor/wordfence/wf-waf/src/lib/storage/file.php on line 1049

2022-07-06T15:06:15+00:00 CRITICAL Uncaught wfWAFStorageFileException: Unable to open /var/www/marmore/wp-content/wflogs/attack-data.php for reading and writing. in /var/www/marmore/wp-content/plugins/wordfence/vendor/wordfence/wf-waf/src/lib/storage/file.php:1049
Stack trace:
#0 /var/www/marmore/wp-content/plugins/wordfence/vendor/wordfence/wf-waf/src/lib/storage/file.php(435): wfWAFAttackDataStorageFileEngine->open()
#1 /var/www/marmore/wp-content/plugins/wordfence/vendor/wordfence/wf-waf/src/lib/storage/file.php(610): wfWAFStorageFile->open()
#2 /var/www/marmore/wp-content/plugins/wordfence/vendor/wordfence/wf-waf/src/lib/storage/file.php(564): wfWAFStorageFile->fetchConfigData()
#3 /var/www/marmore/wp-content/plugins/wordfence/lib/rest-api/wfRESTConfigController.php(71): wfWAFStorageFile->getConfig()
#4 /var/www/marmore/wp-includes/rest-api/class-wp-rest-server.php(1140): wfRESTConfigController->getConfig()
#5 /var/www/marmore/wp-includes/rest-api/class-wp-rest-server.php(987): WP_REST_Server->respond_to_request()
#6 /var/www/marmore/wp-in in /var/www/marmore/wp-content/plugins/wordfence/vendor/wordfence/wf-waf/src/lib/storage/file.php on line 1049

