2022-05-31T00:16:53+00:00 CRITICAL Uncaught wfWAFStorageFileException: Unable to open /var/www/marmore/wp-content/wflogs/attack-data.php for reading and writing. in /var/www/marmore/wp-content/plugins/wordfence/vendor/wordfence/wf-waf/src/lib/storage/file.php:1049
Stack trace:
#0 /var/www/marmore/wp-content/plugins/wordfence/vendor/wordfence/wf-waf/src/lib/storage/file.php(435): wfWAFAttackDataStorageFileEngine->open()
#1 /var/www/marmore/wp-content/plugins/wordfence/vendor/wordfence/wf-waf/src/lib/storage/file.php(610): wfWAFStorageFile->open()
#2 /var/www/marmore/wp-content/plugins/wordfence/vendor/wordfence/wf-waf/src/lib/storage/file.php(564): wfWAFStorageFile->fetchConfigData()
#3 /var/www/marmore/wp-content/plugins/wordfence/lib/rest-api/wfRESTConfigController.php(71): wfWAFStorageFile->getConfig()
#4 /var/www/marmore/wp-includes/rest-api/class-wp-rest-server.php(1140): wfRESTConfigController->getConfig()
#5 /var/www/marmore/wp-includes/rest-api/class-wp-rest-server.php(987): WP_REST_Server->respond_to_request()
#6 /var/www/marmore/wp-in in /var/www/marmore/wp-content/plugins/wordfence/vendor/wordfence/wf-waf/src/lib/storage/file.php on line 1049

2022-05-31T00:16:54+00:00 CRITICAL Uncaught wfWAFStorageFileException: Unable to open /var/www/marmore/wp-content/wflogs/attack-data.php for reading and writing. in /var/www/marmore/wp-content/plugins/wordfence/vendor/wordfence/wf-waf/src/lib/storage/file.php:1049
Stack trace:
#0 /var/www/marmore/wp-content/plugins/wordfence/vendor/wordfence/wf-waf/src/lib/storage/file.php(435): wfWAFAttackDataStorageFileEngine->open()
#1 /var/www/marmore/wp-content/plugins/wordfence/vendor/wordfence/wf-waf/src/lib/storage/file.php(610): wfWAFStorageFile->open()
#2 /var/www/marmore/wp-content/plugins/wordfence/vendor/wordfence/wf-waf/src/lib/storage/file.php(564): wfWAFStorageFile->fetchConfigData()
#3 /var/www/marmore/wp-content/plugins/wordfence/lib/rest-api/wfRESTConfigController.php(71): wfWAFStorageFile->getConfig()
#4 /var/www/marmore/wp-includes/rest-api/class-wp-rest-server.php(1140): wfRESTConfigController->getConfig()
#5 /var/www/marmore/wp-includes/rest-api/class-wp-rest-server.php(987): WP_REST_Server->respond_to_request()
#6 /var/www/marmore/wp-in in /var/www/marmore/wp-content/plugins/wordfence/vendor/wordfence/wf-waf/src/lib/storage/file.php on line 1049

2022-05-31T01:22:44+00:00 CRITICAL Uncaught wfWAFStorageFileException: Unable to open /var/www/marmore/wp-content/wflogs/attack-data.php for reading and writing. in /var/www/marmore/wp-content/plugins/wordfence/vendor/wordfence/wf-waf/src/lib/storage/file.php:1049
Stack trace:
#0 /var/www/marmore/wp-content/plugins/wordfence/vendor/wordfence/wf-waf/src/lib/storage/file.php(435): wfWAFAttackDataStorageFileEngine->open()
#1 /var/www/marmore/wp-content/plugins/wordfence/vendor/wordfence/wf-waf/src/lib/storage/file.php(610): wfWAFStorageFile->open()
#2 /var/www/marmore/wp-content/plugins/wordfence/vendor/wordfence/wf-waf/src/lib/storage/file.php(564): wfWAFStorageFile->fetchConfigData()
#3 /var/www/marmore/wp-content/plugins/wordfence/lib/rest-api/wfRESTConfigController.php(71): wfWAFStorageFile->getConfig()
#4 /var/www/marmore/wp-includes/rest-api/class-wp-rest-server.php(1140): wfRESTConfigController->getConfig()
#5 /var/www/marmore/wp-includes/rest-api/class-wp-rest-server.php(987): WP_REST_Server->respond_to_request()
#6 /var/www/marmore/wp-in in /var/www/marmore/wp-content/plugins/wordfence/vendor/wordfence/wf-waf/src/lib/storage/file.php on line 1049

2022-05-31T01:22:46+00:00 CRITICAL Uncaught wfWAFStorageFileException: Unable to open /var/www/marmore/wp-content/wflogs/attack-data.php for reading and writing. in /var/www/marmore/wp-content/plugins/wordfence/vendor/wordfence/wf-waf/src/lib/storage/file.php:1049
Stack trace:
#0 /var/www/marmore/wp-content/plugins/wordfence/vendor/wordfence/wf-waf/src/lib/storage/file.php(435): wfWAFAttackDataStorageFileEngine->open()
#1 /var/www/marmore/wp-content/plugins/wordfence/vendor/wordfence/wf-waf/src/lib/storage/file.php(610): wfWAFStorageFile->open()
#2 /var/www/marmore/wp-content/plugins/wordfence/vendor/wordfence/wf-waf/src/lib/storage/file.php(564): wfWAFStorageFile->fetchConfigData()
#3 /var/www/marmore/wp-content/plugins/wordfence/lib/rest-api/wfRESTConfigController.php(71): wfWAFStorageFile->getConfig()
#4 /var/www/marmore/wp-includes/rest-api/class-wp-rest-server.php(1140): wfRESTConfigController->getConfig()
#5 /var/www/marmore/wp-includes/rest-api/class-wp-rest-server.php(987): WP_REST_Server->respond_to_request()
#6 /var/www/marmore/wp-in in /var/www/marmore/wp-content/plugins/wordfence/vendor/wordfence/wf-waf/src/lib/storage/file.php on line 1049

2022-05-31T02:16:51+00:00 CRITICAL Uncaught wfWAFStorageFileException: Unable to open /var/www/marmore/wp-content/wflogs/attack-data.php for reading and writing. in /var/www/marmore/wp-content/plugins/wordfence/vendor/wordfence/wf-waf/src/lib/storage/file.php:1049
Stack trace:
#0 /var/www/marmore/wp-content/plugins/wordfence/vendor/wordfence/wf-waf/src/lib/storage/file.php(435): wfWAFAttackDataStorageFileEngine->open()
#1 /var/www/marmore/wp-content/plugins/wordfence/vendor/wordfence/wf-waf/src/lib/storage/file.php(610): wfWAFStorageFile->open()
#2 /var/www/marmore/wp-content/plugins/wordfence/vendor/wordfence/wf-waf/src/lib/storage/file.php(564): wfWAFStorageFile->fetchConfigData()
#3 /var/www/marmore/wp-content/plugins/wordfence/lib/rest-api/wfRESTConfigController.php(71): wfWAFStorageFile->getConfig()
#4 /var/www/marmore/wp-includes/rest-api/class-wp-rest-server.php(1140): wfRESTConfigController->getConfig()
#5 /var/www/marmore/wp-includes/rest-api/class-wp-rest-server.php(987): WP_REST_Server->respond_to_request()
#6 /var/www/marmore/wp-in in /var/www/marmore/wp-content/plugins/wordfence/vendor/wordfence/wf-waf/src/lib/storage/file.php on line 1049

2022-05-31T02:16:53+00:00 CRITICAL Uncaught wfWAFStorageFileException: Unable to open /var/www/marmore/wp-content/wflogs/attack-data.php for reading and writing. in /var/www/marmore/wp-content/plugins/wordfence/vendor/wordfence/wf-waf/src/lib/storage/file.php:1049
Stack trace:
#0 /var/www/marmore/wp-content/plugins/wordfence/vendor/wordfence/wf-waf/src/lib/storage/file.php(435): wfWAFAttackDataStorageFileEngine->open()
#1 /var/www/marmore/wp-content/plugins/wordfence/vendor/wordfence/wf-waf/src/lib/storage/file.php(610): wfWAFStorageFile->open()
#2 /var/www/marmore/wp-content/plugins/wordfence/vendor/wordfence/wf-waf/src/lib/storage/file.php(564): wfWAFStorageFile->fetchConfigData()
#3 /var/www/marmore/wp-content/plugins/wordfence/lib/rest-api/wfRESTConfigController.php(71): wfWAFStorageFile->getConfig()
#4 /var/www/marmore/wp-includes/rest-api/class-wp-rest-server.php(1140): wfRESTConfigController->getConfig()
#5 /var/www/marmore/wp-includes/rest-api/class-wp-rest-server.php(987): WP_REST_Server->respond_to_request()
#6 /var/www/marmore/wp-in in /var/www/marmore/wp-content/plugins/wordfence/vendor/wordfence/wf-waf/src/lib/storage/file.php on line 1049

2022-05-31T03:25:49+00:00 CRITICAL Uncaught wfWAFStorageFileException: Unable to open /var/www/marmore/wp-content/wflogs/attack-data.php for reading and writing. in /var/www/marmore/wp-content/plugins/wordfence/vendor/wordfence/wf-waf/src/lib/storage/file.php:1049
Stack trace:
#0 /var/www/marmore/wp-content/plugins/wordfence/vendor/wordfence/wf-waf/src/lib/storage/file.php(435): wfWAFAttackDataStorageFileEngine->open()
#1 /var/www/marmore/wp-content/plugins/wordfence/vendor/wordfence/wf-waf/src/lib/storage/file.php(610): wfWAFStorageFile->open()
#2 /var/www/marmore/wp-content/plugins/wordfence/vendor/wordfence/wf-waf/src/lib/storage/file.php(564): wfWAFStorageFile->fetchConfigData()
#3 /var/www/marmore/wp-content/plugins/wordfence/lib/rest-api/wfRESTConfigController.php(71): wfWAFStorageFile->getConfig()
#4 /var/www/marmore/wp-includes/rest-api/class-wp-rest-server.php(1140): wfRESTConfigController->getConfig()
#5 /var/www/marmore/wp-includes/rest-api/class-wp-rest-server.php(987): WP_REST_Server->respond_to_request()
#6 /var/www/marmore/wp-in in /var/www/marmore/wp-content/plugins/wordfence/vendor/wordfence/wf-waf/src/lib/storage/file.php on line 1049

2022-05-31T03:25:50+00:00 CRITICAL Uncaught wfWAFStorageFileException: Unable to open /var/www/marmore/wp-content/wflogs/attack-data.php for reading and writing. in /var/www/marmore/wp-content/plugins/wordfence/vendor/wordfence/wf-waf/src/lib/storage/file.php:1049
Stack trace:
#0 /var/www/marmore/wp-content/plugins/wordfence/vendor/wordfence/wf-waf/src/lib/storage/file.php(435): wfWAFAttackDataStorageFileEngine->open()
#1 /var/www/marmore/wp-content/plugins/wordfence/vendor/wordfence/wf-waf/src/lib/storage/file.php(610): wfWAFStorageFile->open()
#2 /var/www/marmore/wp-content/plugins/wordfence/vendor/wordfence/wf-waf/src/lib/storage/file.php(564): wfWAFStorageFile->fetchConfigData()
#3 /var/www/marmore/wp-content/plugins/wordfence/lib/rest-api/wfRESTConfigController.php(71): wfWAFStorageFile->getConfig()
#4 /var/www/marmore/wp-includes/rest-api/class-wp-rest-server.php(1140): wfRESTConfigController->getConfig()
#5 /var/www/marmore/wp-includes/rest-api/class-wp-rest-server.php(987): WP_REST_Server->respond_to_request()
#6 /var/www/marmore/wp-in in /var/www/marmore/wp-content/plugins/wordfence/vendor/wordfence/wf-waf/src/lib/storage/file.php on line 1049

2022-05-31T04:09:26+00:00 CRITICAL Uncaught wfWAFStorageFileException: Unable to open /var/www/marmore/wp-content/wflogs/attack-data.php for reading and writing. in /var/www/marmore/wp-content/plugins/wordfence/vendor/wordfence/wf-waf/src/lib/storage/file.php:1049
Stack trace:
#0 /var/www/marmore/wp-content/plugins/wordfence/vendor/wordfence/wf-waf/src/lib/storage/file.php(435): wfWAFAttackDataStorageFileEngine->open()
#1 /var/www/marmore/wp-content/plugins/wordfence/vendor/wordfence/wf-waf/src/lib/storage/file.php(610): wfWAFStorageFile->open()
#2 /var/www/marmore/wp-content/plugins/wordfence/vendor/wordfence/wf-waf/src/lib/storage/file.php(564): wfWAFStorageFile->fetchConfigData()
#3 /var/www/marmore/wp-content/plugins/wordfence/lib/rest-api/wfRESTConfigController.php(71): wfWAFStorageFile->getConfig()
#4 /var/www/marmore/wp-includes/rest-api/class-wp-rest-server.php(1140): wfRESTConfigController->getConfig()
#5 /var/www/marmore/wp-includes/rest-api/class-wp-rest-server.php(987): WP_REST_Server->respond_to_request()
#6 /var/www/marmore/wp-in in /var/www/marmore/wp-content/plugins/wordfence/vendor/wordfence/wf-waf/src/lib/storage/file.php on line 1049

2022-05-31T04:09:27+00:00 CRITICAL Uncaught wfWAFStorageFileException: Unable to open /var/www/marmore/wp-content/wflogs/attack-data.php for reading and writing. in /var/www/marmore/wp-content/plugins/wordfence/vendor/wordfence/wf-waf/src/lib/storage/file.php:1049
Stack trace:
#0 /var/www/marmore/wp-content/plugins/wordfence/vendor/wordfence/wf-waf/src/lib/storage/file.php(435): wfWAFAttackDataStorageFileEngine->open()
#1 /var/www/marmore/wp-content/plugins/wordfence/vendor/wordfence/wf-waf/src/lib/storage/file.php(610): wfWAFStorageFile->open()
#2 /var/www/marmore/wp-content/plugins/wordfence/vendor/wordfence/wf-waf/src/lib/storage/file.php(564): wfWAFStorageFile->fetchConfigData()
#3 /var/www/marmore/wp-content/plugins/wordfence/lib/rest-api/wfRESTConfigController.php(71): wfWAFStorageFile->getConfig()
#4 /var/www/marmore/wp-includes/rest-api/class-wp-rest-server.php(1140): wfRESTConfigController->getConfig()
#5 /var/www/marmore/wp-includes/rest-api/class-wp-rest-server.php(987): WP_REST_Server->respond_to_request()
#6 /var/www/marmore/wp-in in /var/www/marmore/wp-content/plugins/wordfence/vendor/wordfence/wf-waf/src/lib/storage/file.php on line 1049

2022-05-31T06:33:21+00:00 CRITICAL Uncaught wfWAFStorageFileException: Unable to open /var/www/marmore/wp-content/wflogs/attack-data.php for reading and writing. in /var/www/marmore/wp-content/plugins/wordfence/vendor/wordfence/wf-waf/src/lib/storage/file.php:1049
Stack trace:
#0 /var/www/marmore/wp-content/plugins/wordfence/vendor/wordfence/wf-waf/src/lib/storage/file.php(435): wfWAFAttackDataStorageFileEngine->open()
#1 /var/www/marmore/wp-content/plugins/wordfence/vendor/wordfence/wf-waf/src/lib/storage/file.php(610): wfWAFStorageFile->open()
#2 /var/www/marmore/wp-content/plugins/wordfence/vendor/wordfence/wf-waf/src/lib/storage/file.php(564): wfWAFStorageFile->fetchConfigData()
#3 /var/www/marmore/wp-content/plugins/wordfence/lib/rest-api/wfRESTConfigController.php(71): wfWAFStorageFile->getConfig()
#4 /var/www/marmore/wp-includes/rest-api/class-wp-rest-server.php(1140): wfRESTConfigController->getConfig()
#5 /var/www/marmore/wp-includes/rest-api/class-wp-rest-server.php(987): WP_REST_Server->respond_to_request()
#6 /var/www/marmore/wp-in in /var/www/marmore/wp-content/plugins/wordfence/vendor/wordfence/wf-waf/src/lib/storage/file.php on line 1049

2022-05-31T06:33:23+00:00 CRITICAL Uncaught wfWAFStorageFileException: Unable to open /var/www/marmore/wp-content/wflogs/attack-data.php for reading and writing. in /var/www/marmore/wp-content/plugins/wordfence/vendor/wordfence/wf-waf/src/lib/storage/file.php:1049
Stack trace:
#0 /var/www/marmore/wp-content/plugins/wordfence/vendor/wordfence/wf-waf/src/lib/storage/file.php(435): wfWAFAttackDataStorageFileEngine->open()
#1 /var/www/marmore/wp-content/plugins/wordfence/vendor/wordfence/wf-waf/src/lib/storage/file.php(610): wfWAFStorageFile->open()
#2 /var/www/marmore/wp-content/plugins/wordfence/vendor/wordfence/wf-waf/src/lib/storage/file.php(564): wfWAFStorageFile->fetchConfigData()
#3 /var/www/marmore/wp-content/plugins/wordfence/lib/rest-api/wfRESTConfigController.php(71): wfWAFStorageFile->getConfig()
#4 /var/www/marmore/wp-includes/rest-api/class-wp-rest-server.php(1140): wfRESTConfigController->getConfig()
#5 /var/www/marmore/wp-includes/rest-api/class-wp-rest-server.php(987): WP_REST_Server->respond_to_request()
#6 /var/www/marmore/wp-in in /var/www/marmore/wp-content/plugins/wordfence/vendor/wordfence/wf-waf/src/lib/storage/file.php on line 1049

2022-05-31T07:26:01+00:00 CRITICAL Uncaught wfWAFStorageFileException: Unable to open /var/www/marmore/wp-content/wflogs/attack-data.php for reading and writing. in /var/www/marmore/wp-content/plugins/wordfence/vendor/wordfence/wf-waf/src/lib/storage/file.php:1049
Stack trace:
#0 /var/www/marmore/wp-content/plugins/wordfence/vendor/wordfence/wf-waf/src/lib/storage/file.php(435): wfWAFAttackDataStorageFileEngine->open()
#1 /var/www/marmore/wp-content/plugins/wordfence/vendor/wordfence/wf-waf/src/lib/storage/file.php(610): wfWAFStorageFile->open()
#2 /var/www/marmore/wp-content/plugins/wordfence/vendor/wordfence/wf-waf/src/lib/storage/file.php(564): wfWAFStorageFile->fetchConfigData()
#3 /var/www/marmore/wp-content/plugins/wordfence/lib/rest-api/wfRESTConfigController.php(71): wfWAFStorageFile->getConfig()
#4 /var/www/marmore/wp-includes/rest-api/class-wp-rest-server.php(1140): wfRESTConfigController->getConfig()
#5 /var/www/marmore/wp-includes/rest-api/class-wp-rest-server.php(987): WP_REST_Server->respond_to_request()
#6 /var/www/marmore/wp-in in /var/www/marmore/wp-content/plugins/wordfence/vendor/wordfence/wf-waf/src/lib/storage/file.php on line 1049

2022-05-31T07:26:03+00:00 CRITICAL Uncaught wfWAFStorageFileException: Unable to open /var/www/marmore/wp-content/wflogs/attack-data.php for reading and writing. in /var/www/marmore/wp-content/plugins/wordfence/vendor/wordfence/wf-waf/src/lib/storage/file.php:1049
Stack trace:
#0 /var/www/marmore/wp-content/plugins/wordfence/vendor/wordfence/wf-waf/src/lib/storage/file.php(435): wfWAFAttackDataStorageFileEngine->open()
#1 /var/www/marmore/wp-content/plugins/wordfence/vendor/wordfence/wf-waf/src/lib/storage/file.php(610): wfWAFStorageFile->open()
#2 /var/www/marmore/wp-content/plugins/wordfence/vendor/wordfence/wf-waf/src/lib/storage/file.php(564): wfWAFStorageFile->fetchConfigData()
#3 /var/www/marmore/wp-content/plugins/wordfence/lib/rest-api/wfRESTConfigController.php(71): wfWAFStorageFile->getConfig()
#4 /var/www/marmore/wp-includes/rest-api/class-wp-rest-server.php(1140): wfRESTConfigController->getConfig()
#5 /var/www/marmore/wp-includes/rest-api/class-wp-rest-server.php(987): WP_REST_Server->respond_to_request()
#6 /var/www/marmore/wp-in in /var/www/marmore/wp-content/plugins/wordfence/vendor/wordfence/wf-waf/src/lib/storage/file.php on line 1049

2022-05-31T08:45:21+00:00 CRITICAL Uncaught wfWAFStorageFileException: Unable to open /var/www/marmore/wp-content/wflogs/attack-data.php for reading and writing. in /var/www/marmore/wp-content/plugins/wordfence/vendor/wordfence/wf-waf/src/lib/storage/file.php:1049
Stack trace:
#0 /var/www/marmore/wp-content/plugins/wordfence/vendor/wordfence/wf-waf/src/lib/storage/file.php(435): wfWAFAttackDataStorageFileEngine->open()
#1 /var/www/marmore/wp-content/plugins/wordfence/vendor/wordfence/wf-waf/src/lib/storage/file.php(610): wfWAFStorageFile->open()
#2 /var/www/marmore/wp-content/plugins/wordfence/vendor/wordfence/wf-waf/src/lib/storage/file.php(564): wfWAFStorageFile->fetchConfigData()
#3 /var/www/marmore/wp-content/plugins/wordfence/lib/rest-api/wfRESTConfigController.php(71): wfWAFStorageFile->getConfig()
#4 /var/www/marmore/wp-includes/rest-api/class-wp-rest-server.php(1140): wfRESTConfigController->getConfig()
#5 /var/www/marmore/wp-includes/rest-api/class-wp-rest-server.php(987): WP_REST_Server->respond_to_request()
#6 /var/www/marmore/wp-in in /var/www/marmore/wp-content/plugins/wordfence/vendor/wordfence/wf-waf/src/lib/storage/file.php on line 1049

2022-05-31T08:45:23+00:00 CRITICAL Uncaught wfWAFStorageFileException: Unable to open /var/www/marmore/wp-content/wflogs/attack-data.php for reading and writing. in /var/www/marmore/wp-content/plugins/wordfence/vendor/wordfence/wf-waf/src/lib/storage/file.php:1049
Stack trace:
#0 /var/www/marmore/wp-content/plugins/wordfence/vendor/wordfence/wf-waf/src/lib/storage/file.php(435): wfWAFAttackDataStorageFileEngine->open()
#1 /var/www/marmore/wp-content/plugins/wordfence/vendor/wordfence/wf-waf/src/lib/storage/file.php(610): wfWAFStorageFile->open()
#2 /var/www/marmore/wp-content/plugins/wordfence/vendor/wordfence/wf-waf/src/lib/storage/file.php(564): wfWAFStorageFile->fetchConfigData()
#3 /var/www/marmore/wp-content/plugins/wordfence/lib/rest-api/wfRESTConfigController.php(71): wfWAFStorageFile->getConfig()
#4 /var/www/marmore/wp-includes/rest-api/class-wp-rest-server.php(1140): wfRESTConfigController->getConfig()
#5 /var/www/marmore/wp-includes/rest-api/class-wp-rest-server.php(987): WP_REST_Server->respond_to_request()
#6 /var/www/marmore/wp-in in /var/www/marmore/wp-content/plugins/wordfence/vendor/wordfence/wf-waf/src/lib/storage/file.php on line 1049

2022-05-31T09:43:03+00:00 CRITICAL Uncaught wfWAFStorageFileException: Unable to open /var/www/marmore/wp-content/wflogs/attack-data.php for reading and writing. in /var/www/marmore/wp-content/plugins/wordfence/vendor/wordfence/wf-waf/src/lib/storage/file.php:1049
Stack trace:
#0 /var/www/marmore/wp-content/plugins/wordfence/vendor/wordfence/wf-waf/src/lib/storage/file.php(435): wfWAFAttackDataStorageFileEngine->open()
#1 /var/www/marmore/wp-content/plugins/wordfence/vendor/wordfence/wf-waf/src/lib/storage/file.php(610): wfWAFStorageFile->open()
#2 /var/www/marmore/wp-content/plugins/wordfence/vendor/wordfence/wf-waf/src/lib/storage/file.php(564): wfWAFStorageFile->fetchConfigData()
#3 /var/www/marmore/wp-content/plugins/wordfence/lib/rest-api/wfRESTConfigController.php(71): wfWAFStorageFile->getConfig()
#4 /var/www/marmore/wp-includes/rest-api/class-wp-rest-server.php(1140): wfRESTConfigController->getConfig()
#5 /var/www/marmore/wp-includes/rest-api/class-wp-rest-server.php(987): WP_REST_Server->respond_to_request()
#6 /var/www/marmore/wp-in in /var/www/marmore/wp-content/plugins/wordfence/vendor/wordfence/wf-waf/src/lib/storage/file.php on line 1049

2022-05-31T09:43:05+00:00 CRITICAL Uncaught wfWAFStorageFileException: Unable to open /var/www/marmore/wp-content/wflogs/attack-data.php for reading and writing. in /var/www/marmore/wp-content/plugins/wordfence/vendor/wordfence/wf-waf/src/lib/storage/file.php:1049
Stack trace:
#0 /var/www/marmore/wp-content/plugins/wordfence/vendor/wordfence/wf-waf/src/lib/storage/file.php(435): wfWAFAttackDataStorageFileEngine->open()
#1 /var/www/marmore/wp-content/plugins/wordfence/vendor/wordfence/wf-waf/src/lib/storage/file.php(610): wfWAFStorageFile->open()
#2 /var/www/marmore/wp-content/plugins/wordfence/vendor/wordfence/wf-waf/src/lib/storage/file.php(564): wfWAFStorageFile->fetchConfigData()
#3 /var/www/marmore/wp-content/plugins/wordfence/lib/rest-api/wfRESTConfigController.php(71): wfWAFStorageFile->getConfig()
#4 /var/www/marmore/wp-includes/rest-api/class-wp-rest-server.php(1140): wfRESTConfigController->getConfig()
#5 /var/www/marmore/wp-includes/rest-api/class-wp-rest-server.php(987): WP_REST_Server->respond_to_request()
#6 /var/www/marmore/wp-in in /var/www/marmore/wp-content/plugins/wordfence/vendor/wordfence/wf-waf/src/lib/storage/file.php on line 1049

2022-05-31T10:16:51+00:00 CRITICAL Uncaught wfWAFStorageFileException: Unable to open /var/www/marmore/wp-content/wflogs/attack-data.php for reading and writing. in /var/www/marmore/wp-content/plugins/wordfence/vendor/wordfence/wf-waf/src/lib/storage/file.php:1049
Stack trace:
#0 /var/www/marmore/wp-content/plugins/wordfence/vendor/wordfence/wf-waf/src/lib/storage/file.php(435): wfWAFAttackDataStorageFileEngine->open()
#1 /var/www/marmore/wp-content/plugins/wordfence/vendor/wordfence/wf-waf/src/lib/storage/file.php(610): wfWAFStorageFile->open()
#2 /var/www/marmore/wp-content/plugins/wordfence/vendor/wordfence/wf-waf/src/lib/storage/file.php(564): wfWAFStorageFile->fetchConfigData()
#3 /var/www/marmore/wp-content/plugins/wordfence/lib/rest-api/wfRESTConfigController.php(71): wfWAFStorageFile->getConfig()
#4 /var/www/marmore/wp-includes/rest-api/class-wp-rest-server.php(1140): wfRESTConfigController->getConfig()
#5 /var/www/marmore/wp-includes/rest-api/class-wp-rest-server.php(987): WP_REST_Server->respond_to_request()
#6 /var/www/marmore/wp-in in /var/www/marmore/wp-content/plugins/wordfence/vendor/wordfence/wf-waf/src/lib/storage/file.php on line 1049

2022-05-31T10:16:53+00:00 CRITICAL Uncaught wfWAFStorageFileException: Unable to open /var/www/marmore/wp-content/wflogs/attack-data.php for reading and writing. in /var/www/marmore/wp-content/plugins/wordfence/vendor/wordfence/wf-waf/src/lib/storage/file.php:1049
Stack trace:
#0 /var/www/marmore/wp-content/plugins/wordfence/vendor/wordfence/wf-waf/src/lib/storage/file.php(435): wfWAFAttackDataStorageFileEngine->open()
#1 /var/www/marmore/wp-content/plugins/wordfence/vendor/wordfence/wf-waf/src/lib/storage/file.php(610): wfWAFStorageFile->open()
#2 /var/www/marmore/wp-content/plugins/wordfence/vendor/wordfence/wf-waf/src/lib/storage/file.php(564): wfWAFStorageFile->fetchConfigData()
#3 /var/www/marmore/wp-content/plugins/wordfence/lib/rest-api/wfRESTConfigController.php(71): wfWAFStorageFile->getConfig()
#4 /var/www/marmore/wp-includes/rest-api/class-wp-rest-server.php(1140): wfRESTConfigController->getConfig()
#5 /var/www/marmore/wp-includes/rest-api/class-wp-rest-server.php(987): WP_REST_Server->respond_to_request()
#6 /var/www/marmore/wp-in in /var/www/marmore/wp-content/plugins/wordfence/vendor/wordfence/wf-waf/src/lib/storage/file.php on line 1049

2022-05-31T11:40:59+00:00 CRITICAL Uncaught wfWAFStorageFileException: Unable to open /var/www/marmore/wp-content/wflogs/attack-data.php for reading and writing. in /var/www/marmore/wp-content/plugins/wordfence/vendor/wordfence/wf-waf/src/lib/storage/file.php:1049
Stack trace:
#0 /var/www/marmore/wp-content/plugins/wordfence/vendor/wordfence/wf-waf/src/lib/storage/file.php(435): wfWAFAttackDataStorageFileEngine->open()
#1 /var/www/marmore/wp-content/plugins/wordfence/vendor/wordfence/wf-waf/src/lib/storage/file.php(610): wfWAFStorageFile->open()
#2 /var/www/marmore/wp-content/plugins/wordfence/vendor/wordfence/wf-waf/src/lib/storage/file.php(564): wfWAFStorageFile->fetchConfigData()
#3 /var/www/marmore/wp-content/plugins/wordfence/lib/rest-api/wfRESTConfigController.php(71): wfWAFStorageFile->getConfig()
#4 /var/www/marmore/wp-includes/rest-api/class-wp-rest-server.php(1140): wfRESTConfigController->getConfig()
#5 /var/www/marmore/wp-includes/rest-api/class-wp-rest-server.php(987): WP_REST_Server->respond_to_request()
#6 /var/www/marmore/wp-in in /var/www/marmore/wp-content/plugins/wordfence/vendor/wordfence/wf-waf/src/lib/storage/file.php on line 1049

2022-05-31T11:41:01+00:00 CRITICAL Uncaught wfWAFStorageFileException: Unable to open /var/www/marmore/wp-content/wflogs/attack-data.php for reading and writing. in /var/www/marmore/wp-content/plugins/wordfence/vendor/wordfence/wf-waf/src/lib/storage/file.php:1049
Stack trace:
#0 /var/www/marmore/wp-content/plugins/wordfence/vendor/wordfence/wf-waf/src/lib/storage/file.php(435): wfWAFAttackDataStorageFileEngine->open()
#1 /var/www/marmore/wp-content/plugins/wordfence/vendor/wordfence/wf-waf/src/lib/storage/file.php(610): wfWAFStorageFile->open()
#2 /var/www/marmore/wp-content/plugins/wordfence/vendor/wordfence/wf-waf/src/lib/storage/file.php(564): wfWAFStorageFile->fetchConfigData()
#3 /var/www/marmore/wp-content/plugins/wordfence/lib/rest-api/wfRESTConfigController.php(71): wfWAFStorageFile->getConfig()
#4 /var/www/marmore/wp-includes/rest-api/class-wp-rest-server.php(1140): wfRESTConfigController->getConfig()
#5 /var/www/marmore/wp-includes/rest-api/class-wp-rest-server.php(987): WP_REST_Server->respond_to_request()
#6 /var/www/marmore/wp-in in /var/www/marmore/wp-content/plugins/wordfence/vendor/wordfence/wf-waf/src/lib/storage/file.php on line 1049

2022-05-31T12:04:39+00:00 CRITICAL Uncaught wfWAFStorageFileException: Unable to open /var/www/marmore/wp-content/wflogs/attack-data.php for reading and writing. in /var/www/marmore/wp-content/plugins/wordfence/vendor/wordfence/wf-waf/src/lib/storage/file.php:1049
Stack trace:
#0 /var/www/marmore/wp-content/plugins/wordfence/vendor/wordfence/wf-waf/src/lib/storage/file.php(435): wfWAFAttackDataStorageFileEngine->open()
#1 /var/www/marmore/wp-content/plugins/wordfence/vendor/wordfence/wf-waf/src/lib/storage/file.php(610): wfWAFStorageFile->open()
#2 /var/www/marmore/wp-content/plugins/wordfence/vendor/wordfence/wf-waf/src/lib/storage/file.php(564): wfWAFStorageFile->fetchConfigData()
#3 /var/www/marmore/wp-content/plugins/wordfence/lib/rest-api/wfRESTConfigController.php(71): wfWAFStorageFile->getConfig()
#4 /var/www/marmore/wp-includes/rest-api/class-wp-rest-server.php(1140): wfRESTConfigController->getConfig()
#5 /var/www/marmore/wp-includes/rest-api/class-wp-rest-server.php(987): WP_REST_Server->respond_to_request()
#6 /var/www/marmore/wp-in in /var/www/marmore/wp-content/plugins/wordfence/vendor/wordfence/wf-waf/src/lib/storage/file.php on line 1049

2022-05-31T12:04:40+00:00 CRITICAL Uncaught wfWAFStorageFileException: Unable to open /var/www/marmore/wp-content/wflogs/attack-data.php for reading and writing. in /var/www/marmore/wp-content/plugins/wordfence/vendor/wordfence/wf-waf/src/lib/storage/file.php:1049
Stack trace:
#0 /var/www/marmore/wp-content/plugins/wordfence/vendor/wordfence/wf-waf/src/lib/storage/file.php(435): wfWAFAttackDataStorageFileEngine->open()
#1 /var/www/marmore/wp-content/plugins/wordfence/vendor/wordfence/wf-waf/src/lib/storage/file.php(610): wfWAFStorageFile->open()
#2 /var/www/marmore/wp-content/plugins/wordfence/vendor/wordfence/wf-waf/src/lib/storage/file.php(564): wfWAFStorageFile->fetchConfigData()
#3 /var/www/marmore/wp-content/plugins/wordfence/lib/rest-api/wfRESTConfigController.php(71): wfWAFStorageFile->getConfig()
#4 /var/www/marmore/wp-includes/rest-api/class-wp-rest-server.php(1140): wfRESTConfigController->getConfig()
#5 /var/www/marmore/wp-includes/rest-api/class-wp-rest-server.php(987): WP_REST_Server->respond_to_request()
#6 /var/www/marmore/wp-in in /var/www/marmore/wp-content/plugins/wordfence/vendor/wordfence/wf-waf/src/lib/storage/file.php on line 1049

2022-05-31T13:13:47+00:00 CRITICAL Uncaught wfWAFStorageFileException: Unable to open /var/www/marmore/wp-content/wflogs/attack-data.php for reading and writing. in /var/www/marmore/wp-content/plugins/wordfence/vendor/wordfence/wf-waf/src/lib/storage/file.php:1049
Stack trace:
#0 /var/www/marmore/wp-content/plugins/wordfence/vendor/wordfence/wf-waf/src/lib/storage/file.php(435): wfWAFAttackDataStorageFileEngine->open()
#1 /var/www/marmore/wp-content/plugins/wordfence/vendor/wordfence/wf-waf/src/lib/storage/file.php(610): wfWAFStorageFile->open()
#2 /var/www/marmore/wp-content/plugins/wordfence/vendor/wordfence/wf-waf/src/lib/storage/file.php(564): wfWAFStorageFile->fetchConfigData()
#3 /var/www/marmore/wp-content/plugins/wordfence/lib/rest-api/wfRESTConfigController.php(71): wfWAFStorageFile->getConfig()
#4 /var/www/marmore/wp-includes/rest-api/class-wp-rest-server.php(1140): wfRESTConfigController->getConfig()
#5 /var/www/marmore/wp-includes/rest-api/class-wp-rest-server.php(987): WP_REST_Server->respond_to_request()
#6 /var/www/marmore/wp-in in /var/www/marmore/wp-content/plugins/wordfence/vendor/wordfence/wf-waf/src/lib/storage/file.php on line 1049

2022-05-31T13:13:48+00:00 CRITICAL Uncaught wfWAFStorageFileException: Unable to open /var/www/marmore/wp-content/wflogs/attack-data.php for reading and writing. in /var/www/marmore/wp-content/plugins/wordfence/vendor/wordfence/wf-waf/src/lib/storage/file.php:1049
Stack trace:
#0 /var/www/marmore/wp-content/plugins/wordfence/vendor/wordfence/wf-waf/src/lib/storage/file.php(435): wfWAFAttackDataStorageFileEngine->open()
#1 /var/www/marmore/wp-content/plugins/wordfence/vendor/wordfence/wf-waf/src/lib/storage/file.php(610): wfWAFStorageFile->open()
#2 /var/www/marmore/wp-content/plugins/wordfence/vendor/wordfence/wf-waf/src/lib/storage/file.php(564): wfWAFStorageFile->fetchConfigData()
#3 /var/www/marmore/wp-content/plugins/wordfence/lib/rest-api/wfRESTConfigController.php(71): wfWAFStorageFile->getConfig()
#4 /var/www/marmore/wp-includes/rest-api/class-wp-rest-server.php(1140): wfRESTConfigController->getConfig()
#5 /var/www/marmore/wp-includes/rest-api/class-wp-rest-server.php(987): WP_REST_Server->respond_to_request()
#6 /var/www/marmore/wp-in in /var/www/marmore/wp-content/plugins/wordfence/vendor/wordfence/wf-waf/src/lib/storage/file.php on line 1049

2022-05-31T14:50:29+00:00 CRITICAL Uncaught wfWAFStorageFileException: Unable to open /var/www/marmore/wp-content/wflogs/attack-data.php for reading and writing. in /var/www/marmore/wp-content/plugins/wordfence/vendor/wordfence/wf-waf/src/lib/storage/file.php:1049
Stack trace:
#0 /var/www/marmore/wp-content/plugins/wordfence/vendor/wordfence/wf-waf/src/lib/storage/file.php(435): wfWAFAttackDataStorageFileEngine->open()
#1 /var/www/marmore/wp-content/plugins/wordfence/vendor/wordfence/wf-waf/src/lib/storage/file.php(610): wfWAFStorageFile->open()
#2 /var/www/marmore/wp-content/plugins/wordfence/vendor/wordfence/wf-waf/src/lib/storage/file.php(564): wfWAFStorageFile->fetchConfigData()
#3 /var/www/marmore/wp-content/plugins/wordfence/lib/rest-api/wfRESTConfigController.php(71): wfWAFStorageFile->getConfig()
#4 /var/www/marmore/wp-includes/rest-api/class-wp-rest-server.php(1140): wfRESTConfigController->getConfig()
#5 /var/www/marmore/wp-includes/rest-api/class-wp-rest-server.php(987): WP_REST_Server->respond_to_request()
#6 /var/www/marmore/wp-in in /var/www/marmore/wp-content/plugins/wordfence/vendor/wordfence/wf-waf/src/lib/storage/file.php on line 1049

2022-05-31T14:50:30+00:00 CRITICAL Uncaught wfWAFStorageFileException: Unable to open /var/www/marmore/wp-content/wflogs/attack-data.php for reading and writing. in /var/www/marmore/wp-content/plugins/wordfence/vendor/wordfence/wf-waf/src/lib/storage/file.php:1049
Stack trace:
#0 /var/www/marmore/wp-content/plugins/wordfence/vendor/wordfence/wf-waf/src/lib/storage/file.php(435): wfWAFAttackDataStorageFileEngine->open()
#1 /var/www/marmore/wp-content/plugins/wordfence/vendor/wordfence/wf-waf/src/lib/storage/file.php(610): wfWAFStorageFile->open()
#2 /var/www/marmore/wp-content/plugins/wordfence/vendor/wordfence/wf-waf/src/lib/storage/file.php(564): wfWAFStorageFile->fetchConfigData()
#3 /var/www/marmore/wp-content/plugins/wordfence/lib/rest-api/wfRESTConfigController.php(71): wfWAFStorageFile->getConfig()
#4 /var/www/marmore/wp-includes/rest-api/class-wp-rest-server.php(1140): wfRESTConfigController->getConfig()
#5 /var/www/marmore/wp-includes/rest-api/class-wp-rest-server.php(987): WP_REST_Server->respond_to_request()
#6 /var/www/marmore/wp-in in /var/www/marmore/wp-content/plugins/wordfence/vendor/wordfence/wf-waf/src/lib/storage/file.php on line 1049

2022-05-31T15:20:57+00:00 CRITICAL Uncaught wfWAFStorageFileException: Unable to open /var/www/marmore/wp-content/wflogs/attack-data.php for reading and writing. in /var/www/marmore/wp-content/plugins/wordfence/vendor/wordfence/wf-waf/src/lib/storage/file.php:1049
Stack trace:
#0 /var/www/marmore/wp-content/plugins/wordfence/vendor/wordfence/wf-waf/src/lib/storage/file.php(435): wfWAFAttackDataStorageFileEngine->open()
#1 /var/www/marmore/wp-content/plugins/wordfence/vendor/wordfence/wf-waf/src/lib/storage/file.php(610): wfWAFStorageFile->open()
#2 /var/www/marmore/wp-content/plugins/wordfence/vendor/wordfence/wf-waf/src/lib/storage/file.php(564): wfWAFStorageFile->fetchConfigData()
#3 /var/www/marmore/wp-content/plugins/wordfence/lib/rest-api/wfRESTConfigController.php(71): wfWAFStorageFile->getConfig()
#4 /var/www/marmore/wp-includes/rest-api/class-wp-rest-server.php(1140): wfRESTConfigController->getConfig()
#5 /var/www/marmore/wp-includes/rest-api/class-wp-rest-server.php(987): WP_REST_Server->respond_to_request()
#6 /var/www/marmore/wp-in in /var/www/marmore/wp-content/plugins/wordfence/vendor/wordfence/wf-waf/src/lib/storage/file.php on line 1049

2022-05-31T15:20:58+00:00 CRITICAL Uncaught wfWAFStorageFileException: Unable to open /var/www/marmore/wp-content/wflogs/attack-data.php for reading and writing. in /var/www/marmore/wp-content/plugins/wordfence/vendor/wordfence/wf-waf/src/lib/storage/file.php:1049
Stack trace:
#0 /var/www/marmore/wp-content/plugins/wordfence/vendor/wordfence/wf-waf/src/lib/storage/file.php(435): wfWAFAttackDataStorageFileEngine->open()
#1 /var/www/marmore/wp-content/plugins/wordfence/vendor/wordfence/wf-waf/src/lib/storage/file.php(610): wfWAFStorageFile->open()
#2 /var/www/marmore/wp-content/plugins/wordfence/vendor/wordfence/wf-waf/src/lib/storage/file.php(564): wfWAFStorageFile->fetchConfigData()
#3 /var/www/marmore/wp-content/plugins/wordfence/lib/rest-api/wfRESTConfigController.php(71): wfWAFStorageFile->getConfig()
#4 /var/www/marmore/wp-includes/rest-api/class-wp-rest-server.php(1140): wfRESTConfigController->getConfig()
#5 /var/www/marmore/wp-includes/rest-api/class-wp-rest-server.php(987): WP_REST_Server->respond_to_request()
#6 /var/www/marmore/wp-in in /var/www/marmore/wp-content/plugins/wordfence/vendor/wordfence/wf-waf/src/lib/storage/file.php on line 1049

2022-05-31T18:44:40+00:00 CRITICAL Uncaught wfWAFStorageFileException: Unable to open /var/www/marmore/wp-content/wflogs/attack-data.php for reading and writing. in /var/www/marmore/wp-content/plugins/wordfence/vendor/wordfence/wf-waf/src/lib/storage/file.php:1049
Stack trace:
#0 /var/www/marmore/wp-content/plugins/wordfence/vendor/wordfence/wf-waf/src/lib/storage/file.php(435): wfWAFAttackDataStorageFileEngine->open()
#1 /var/www/marmore/wp-content/plugins/wordfence/vendor/wordfence/wf-waf/src/lib/storage/file.php(610): wfWAFStorageFile->open()
#2 /var/www/marmore/wp-content/plugins/wordfence/vendor/wordfence/wf-waf/src/lib/storage/file.php(564): wfWAFStorageFile->fetchConfigData()
#3 /var/www/marmore/wp-content/plugins/wordfence/lib/rest-api/wfRESTConfigController.php(71): wfWAFStorageFile->getConfig()
#4 /var/www/marmore/wp-includes/rest-api/class-wp-rest-server.php(1140): wfRESTConfigController->getConfig()
#5 /var/www/marmore/wp-includes/rest-api/class-wp-rest-server.php(987): WP_REST_Server->respond_to_request()
#6 /var/www/marmore/wp-in in /var/www/marmore/wp-content/plugins/wordfence/vendor/wordfence/wf-waf/src/lib/storage/file.php on line 1049

2022-05-31T18:44:42+00:00 CRITICAL Uncaught wfWAFStorageFileException: Unable to open /var/www/marmore/wp-content/wflogs/attack-data.php for reading and writing. in /var/www/marmore/wp-content/plugins/wordfence/vendor/wordfence/wf-waf/src/lib/storage/file.php:1049
Stack trace:
#0 /var/www/marmore/wp-content/plugins/wordfence/vendor/wordfence/wf-waf/src/lib/storage/file.php(435): wfWAFAttackDataStorageFileEngine->open()
#1 /var/www/marmore/wp-content/plugins/wordfence/vendor/wordfence/wf-waf/src/lib/storage/file.php(610): wfWAFStorageFile->open()
#2 /var/www/marmore/wp-content/plugins/wordfence/vendor/wordfence/wf-waf/src/lib/storage/file.php(564): wfWAFStorageFile->fetchConfigData()
#3 /var/www/marmore/wp-content/plugins/wordfence/lib/rest-api/wfRESTConfigController.php(71): wfWAFStorageFile->getConfig()
#4 /var/www/marmore/wp-includes/rest-api/class-wp-rest-server.php(1140): wfRESTConfigController->getConfig()
#5 /var/www/marmore/wp-includes/rest-api/class-wp-rest-server.php(987): WP_REST_Server->respond_to_request()
#6 /var/www/marmore/wp-in in /var/www/marmore/wp-content/plugins/wordfence/vendor/wordfence/wf-waf/src/lib/storage/file.php on line 1049

2022-05-31T19:15:30+00:00 CRITICAL Uncaught wfWAFStorageFileException: Unable to open /var/www/marmore/wp-content/wflogs/attack-data.php for reading and writing. in /var/www/marmore/wp-content/plugins/wordfence/vendor/wordfence/wf-waf/src/lib/storage/file.php:1049
Stack trace:
#0 /var/www/marmore/wp-content/plugins/wordfence/vendor/wordfence/wf-waf/src/lib/storage/file.php(435): wfWAFAttackDataStorageFileEngine->open()
#1 /var/www/marmore/wp-content/plugins/wordfence/vendor/wordfence/wf-waf/src/lib/storage/file.php(610): wfWAFStorageFile->open()
#2 /var/www/marmore/wp-content/plugins/wordfence/vendor/wordfence/wf-waf/src/lib/storage/file.php(564): wfWAFStorageFile->fetchConfigData()
#3 /var/www/marmore/wp-content/plugins/wordfence/lib/rest-api/wfRESTConfigController.php(71): wfWAFStorageFile->getConfig()
#4 /var/www/marmore/wp-includes/rest-api/class-wp-rest-server.php(1140): wfRESTConfigController->getConfig()
#5 /var/www/marmore/wp-includes/rest-api/class-wp-rest-server.php(987): WP_REST_Server->respond_to_request()
#6 /var/www/marmore/wp-in in /var/www/marmore/wp-content/plugins/wordfence/vendor/wordfence/wf-waf/src/lib/storage/file.php on line 1049

2022-05-31T19:15:31+00:00 CRITICAL Uncaught wfWAFStorageFileException: Unable to open /var/www/marmore/wp-content/wflogs/attack-data.php for reading and writing. in /var/www/marmore/wp-content/plugins/wordfence/vendor/wordfence/wf-waf/src/lib/storage/file.php:1049
Stack trace:
#0 /var/www/marmore/wp-content/plugins/wordfence/vendor/wordfence/wf-waf/src/lib/storage/file.php(435): wfWAFAttackDataStorageFileEngine->open()
#1 /var/www/marmore/wp-content/plugins/wordfence/vendor/wordfence/wf-waf/src/lib/storage/file.php(610): wfWAFStorageFile->open()
#2 /var/www/marmore/wp-content/plugins/wordfence/vendor/wordfence/wf-waf/src/lib/storage/file.php(564): wfWAFStorageFile->fetchConfigData()
#3 /var/www/marmore/wp-content/plugins/wordfence/lib/rest-api/wfRESTConfigController.php(71): wfWAFStorageFile->getConfig()
#4 /var/www/marmore/wp-includes/rest-api/class-wp-rest-server.php(1140): wfRESTConfigController->getConfig()
#5 /var/www/marmore/wp-includes/rest-api/class-wp-rest-server.php(987): WP_REST_Server->respond_to_request()
#6 /var/www/marmore/wp-in in /var/www/marmore/wp-content/plugins/wordfence/vendor/wordfence/wf-waf/src/lib/storage/file.php on line 1049

2022-05-31T20:21:05+00:00 CRITICAL Uncaught wfWAFStorageFileException: Unable to open /var/www/marmore/wp-content/wflogs/attack-data.php for reading and writing. in /var/www/marmore/wp-content/plugins/wordfence/vendor/wordfence/wf-waf/src/lib/storage/file.php:1049
Stack trace:
#0 /var/www/marmore/wp-content/plugins/wordfence/vendor/wordfence/wf-waf/src/lib/storage/file.php(435): wfWAFAttackDataStorageFileEngine->open()
#1 /var/www/marmore/wp-content/plugins/wordfence/vendor/wordfence/wf-waf/src/lib/storage/file.php(610): wfWAFStorageFile->open()
#2 /var/www/marmore/wp-content/plugins/wordfence/vendor/wordfence/wf-waf/src/lib/storage/file.php(564): wfWAFStorageFile->fetchConfigData()
#3 /var/www/marmore/wp-content/plugins/wordfence/lib/rest-api/wfRESTConfigController.php(71): wfWAFStorageFile->getConfig()
#4 /var/www/marmore/wp-includes/rest-api/class-wp-rest-server.php(1140): wfRESTConfigController->getConfig()
#5 /var/www/marmore/wp-includes/rest-api/class-wp-rest-server.php(987): WP_REST_Server->respond_to_request()
#6 /var/www/marmore/wp-in in /var/www/marmore/wp-content/plugins/wordfence/vendor/wordfence/wf-waf/src/lib/storage/file.php on line 1049

2022-05-31T20:21:06+00:00 CRITICAL Uncaught wfWAFStorageFileException: Unable to open /var/www/marmore/wp-content/wflogs/attack-data.php for reading and writing. in /var/www/marmore/wp-content/plugins/wordfence/vendor/wordfence/wf-waf/src/lib/storage/file.php:1049
Stack trace:
#0 /var/www/marmore/wp-content/plugins/wordfence/vendor/wordfence/wf-waf/src/lib/storage/file.php(435): wfWAFAttackDataStorageFileEngine->open()
#1 /var/www/marmore/wp-content/plugins/wordfence/vendor/wordfence/wf-waf/src/lib/storage/file.php(610): wfWAFStorageFile->open()
#2 /var/www/marmore/wp-content/plugins/wordfence/vendor/wordfence/wf-waf/src/lib/storage/file.php(564): wfWAFStorageFile->fetchConfigData()
#3 /var/www/marmore/wp-content/plugins/wordfence/lib/rest-api/wfRESTConfigController.php(71): wfWAFStorageFile->getConfig()
#4 /var/www/marmore/wp-includes/rest-api/class-wp-rest-server.php(1140): wfRESTConfigController->getConfig()
#5 /var/www/marmore/wp-includes/rest-api/class-wp-rest-server.php(987): WP_REST_Server->respond_to_request()
#6 /var/www/marmore/wp-in in /var/www/marmore/wp-content/plugins/wordfence/vendor/wordfence/wf-waf/src/lib/storage/file.php on line 1049

2022-05-31T23:29:40+00:00 CRITICAL Uncaught wfWAFStorageFileException: Unable to open /var/www/marmore/wp-content/wflogs/attack-data.php for reading and writing. in /var/www/marmore/wp-content/plugins/wordfence/vendor/wordfence/wf-waf/src/lib/storage/file.php:1049
Stack trace:
#0 /var/www/marmore/wp-content/plugins/wordfence/vendor/wordfence/wf-waf/src/lib/storage/file.php(435): wfWAFAttackDataStorageFileEngine->open()
#1 /var/www/marmore/wp-content/plugins/wordfence/vendor/wordfence/wf-waf/src/lib/storage/file.php(610): wfWAFStorageFile->open()
#2 /var/www/marmore/wp-content/plugins/wordfence/vendor/wordfence/wf-waf/src/lib/storage/file.php(564): wfWAFStorageFile->fetchConfigData()
#3 /var/www/marmore/wp-content/plugins/wordfence/lib/rest-api/wfRESTConfigController.php(71): wfWAFStorageFile->getConfig()
#4 /var/www/marmore/wp-includes/rest-api/class-wp-rest-server.php(1140): wfRESTConfigController->getConfig()
#5 /var/www/marmore/wp-includes/rest-api/class-wp-rest-server.php(987): WP_REST_Server->respond_to_request()
#6 /var/www/marmore/wp-in in /var/www/marmore/wp-content/plugins/wordfence/vendor/wordfence/wf-waf/src/lib/storage/file.php on line 1049

2022-05-31T23:29:41+00:00 CRITICAL Uncaught wfWAFStorageFileException: Unable to open /var/www/marmore/wp-content/wflogs/attack-data.php for reading and writing. in /var/www/marmore/wp-content/plugins/wordfence/vendor/wordfence/wf-waf/src/lib/storage/file.php:1049
Stack trace:
#0 /var/www/marmore/wp-content/plugins/wordfence/vendor/wordfence/wf-waf/src/lib/storage/file.php(435): wfWAFAttackDataStorageFileEngine->open()
#1 /var/www/marmore/wp-content/plugins/wordfence/vendor/wordfence/wf-waf/src/lib/storage/file.php(610): wfWAFStorageFile->open()
#2 /var/www/marmore/wp-content/plugins/wordfence/vendor/wordfence/wf-waf/src/lib/storage/file.php(564): wfWAFStorageFile->fetchConfigData()
#3 /var/www/marmore/wp-content/plugins/wordfence/lib/rest-api/wfRESTConfigController.php(71): wfWAFStorageFile->getConfig()
#4 /var/www/marmore/wp-includes/rest-api/class-wp-rest-server.php(1140): wfRESTConfigController->getConfig()
#5 /var/www/marmore/wp-includes/rest-api/class-wp-rest-server.php(987): WP_REST_Server->respond_to_request()
#6 /var/www/marmore/wp-in in /var/www/marmore/wp-content/plugins/wordfence/vendor/wordfence/wf-waf/src/lib/storage/file.php on line 1049

